2022-10-11 11:56:07,727 INFO org.hibernate.validator.internal.util.Version [background-preinit] HV000001: Hibernate Validator 6.2.4.Final
2022-10-11 11:56:07,743 INFO org.springframework.boot.StartupInfoLogger [main] Starting DemoProjectApplication using Java 11.0.13 on MUM-LAP-1566 with PID 9700 (C:\Projects\demoProject\build\classes\java\main started by darshana.shingade in C:\Projects\demoProject)
2022-10-11 11:56:07,745 INFO org.springframework.boot.SpringApplication [main] The following 1 profile is active: "dev"
2022-10-11 11:56:09,389 INFO org.springframework.data.repository.config.RepositoryConfigurationDelegate [main] Bootstrapping Spring Data JPA repositories in DEFAULT mode.
2022-10-11 11:56:09,494 INFO org.springframework.data.repository.config.RepositoryConfigurationDelegate [main] Finished Spring Data repository scanning in 85 ms. Found 2 JPA repository interfaces.
2022-10-11 11:56:10,864 INFO org.springframework.boot.web.embedded.tomcat.TomcatWebServer [main] Tomcat initialized with port(s): 8889 (http)
2022-10-11 11:56:10,881 INFO org.apache.juli.logging.DirectJDKLog [main] Initializing ProtocolHandler ["http-nio-8889"]
2022-10-11 11:56:10,882 INFO org.apache.juli.logging.DirectJDKLog [main] Starting service [Tomcat]
2022-10-11 11:56:10,882 INFO org.apache.juli.logging.DirectJDKLog [main] Starting Servlet engine: [Apache Tomcat/9.0.65]
2022-10-11 11:56:11,396 INFO org.apache.juli.logging.DirectJDKLog [main] Initializing Spring embedded WebApplicationContext
2022-10-11 11:56:11,396 INFO org.springframework.boot.web.servlet.context.ServletWebServerApplicationContext [main] Root WebApplicationContext: initialization completed in 3549 ms
2022-10-11 11:56:11,689 INFO org.hibernate.jpa.internal.util.LogHelper [main] HHH000204: Processing PersistenceUnitInfo [name: default]
2022-10-11 11:56:11,807 INFO org.hibernate.Version [main] HHH000412: Hibernate ORM core version 5.6.10.Final
2022-10-11 11:56:12,149 INFO org.hibernate.annotations.common.reflection.java.JavaReflectionManager [main] HCANN000001: Hibernate Commons Annotations {5.1.2.Final}
2022-10-11 11:56:12,339 INFO com.zaxxer.hikari.HikariDataSource [main] HikariPool-1 - Starting...
2022-10-11 11:56:12,834 INFO com.zaxxer.hikari.HikariDataSource [main] HikariPool-1 - Start completed.
2022-10-11 11:56:12,869 INFO org.hibernate.dialect.Dialect [main] HHH000400: Using dialect: org.hibernate.dialect.MySQL5InnoDBDialect
2022-10-11 11:56:14,058 INFO org.hibernate.engine.transaction.jta.platform.internal.JtaPlatformInitiator [main] HHH000490: Using JtaPlatform implementation: [org.hibernate.engine.transaction.jta.platform.internal.NoJtaPlatform]
2022-10-11 11:56:14,071 INFO org.springframework.orm.jpa.AbstractEntityManagerFactoryBean [main] Initialized JPA EntityManagerFactory for persistence unit 'default'
2022-10-11 11:56:15,285 WARN org.springframework.boot.autoconfigure.orm.jpa.JpaBaseConfiguration$JpaWebConfiguration [main] spring.jpa.open-in-view is enabled by default. Therefore, database queries may be performed during view rendering. Explicitly configure spring.jpa.open-in-view to disable this warning
2022-10-11 11:56:16,296 INFO org.apache.juli.logging.DirectJDKLog [main] Starting ProtocolHandler ["http-nio-8889"]
2022-10-11 11:56:16,365 INFO org.springframework.boot.web.embedded.tomcat.TomcatWebServer [main] Tomcat started on port(s): 8889 (http) with context path ''
2022-10-11 11:56:16,926 INFO org.apache.camel.impl.engine.AbstractCamelContext [main] Apache Camel 3.18.0 (camel-1) is starting
2022-10-11 11:56:21,229 INFO org.apache.camel.impl.engine.AbstractCamelContext [main] Routes startup (started:2)
2022-10-11 11:56:21,230 INFO org.apache.camel.impl.engine.AbstractCamelContext [main]     Started route1 (activemq://CompanyQueue)
2022-10-11 11:56:21,230 INFO org.apache.camel.impl.engine.AbstractCamelContext [main]     Started route2 (activemq://EmployeeQueue)
2022-10-11 11:56:21,230 INFO org.apache.camel.impl.engine.AbstractCamelContext [main] Apache Camel 3.18.0 (camel-1) started in 4s896ms (build:119ms init:474ms start:4s303ms)
2022-10-11 11:56:21,235 INFO org.springframework.boot.StartupInfoLogger [main] Started DemoProjectApplication in 14.363 seconds (JVM running for 15.581)
2022-10-11 11:56:26,249 ERROR org.springframework.jms.listener.DefaultMessageListenerContainer [Camel (camel-1) thread #1 - JmsConsumer[CompanyQueue]] Could not refresh JMS Connection for destination 'CompanyQueue' - retrying using FixedBackOff{interval=5000, currentAttempts=0, maxAttempts=unlimited}. Cause: Could not connect to broker URL: tcp://localhost:61616. Reason: java.net.ConnectException: Connection refused: connect
2022-10-11 11:56:28,301 ERROR org.springframework.jms.listener.DefaultMessageListenerContainer [Camel (camel-1) thread #2 - JmsConsumer[EmployeeQueue]] Could not refresh JMS Connection for destination 'EmployeeQueue' - retrying using FixedBackOff{interval=5000, currentAttempts=0, maxAttempts=unlimited}. Cause: Could not connect to broker URL: tcp://localhost:61616. Reason: java.net.ConnectException: Connection refused: connect
2022-10-11 11:56:33,306 ERROR org.springframework.jms.listener.DefaultMessageListenerContainer [Camel (camel-1) thread #1 - JmsConsumer[CompanyQueue]] Could not refresh JMS Connection for destination 'CompanyQueue' - retrying using FixedBackOff{interval=5000, currentAttempts=1, maxAttempts=unlimited}. Cause: Could not connect to broker URL: tcp://localhost:61616. Reason: java.net.ConnectException: Connection refused: connect
2022-10-11 11:56:35,363 ERROR org.springframework.jms.listener.DefaultMessageListenerContainer [Camel (camel-1) thread #2 - JmsConsumer[EmployeeQueue]] Could not refresh JMS Connection for destination 'EmployeeQueue' - retrying using FixedBackOff{interval=5000, currentAttempts=1, maxAttempts=unlimited}. Cause: Could not connect to broker URL: tcp://localhost:61616. Reason: java.net.ConnectException: Connection refused: connect
2022-10-11 11:56:40,371 ERROR org.springframework.jms.listener.DefaultMessageListenerContainer [Camel (camel-1) thread #1 - JmsConsumer[CompanyQueue]] Could not refresh JMS Connection for destination 'CompanyQueue' - retrying using FixedBackOff{interval=5000, currentAttempts=2, maxAttempts=unlimited}. Cause: Could not connect to broker URL: tcp://localhost:61616. Reason: java.net.ConnectException: Connection refused: connect
2022-10-11 11:56:42,409 ERROR org.springframework.jms.listener.DefaultMessageListenerContainer [Camel (camel-1) thread #2 - JmsConsumer[EmployeeQueue]] Could not refresh JMS Connection for destination 'EmployeeQueue' - retrying using FixedBackOff{interval=5000, currentAttempts=2, maxAttempts=unlimited}. Cause: Could not connect to broker URL: tcp://localhost:61616. Reason: java.net.ConnectException: Connection refused: connect
2022-10-11 11:56:47,450 ERROR org.springframework.jms.listener.DefaultMessageListenerContainer [Camel (camel-1) thread #1 - JmsConsumer[CompanyQueue]] Could not refresh JMS Connection for destination 'CompanyQueue' - retrying using FixedBackOff{interval=5000, currentAttempts=3, maxAttempts=unlimited}. Cause: Could not connect to broker URL: tcp://localhost:61616. Reason: java.net.ConnectException: Connection refused: connect
2022-10-11 11:56:49,481 ERROR org.springframework.jms.listener.DefaultMessageListenerContainer [Camel (camel-1) thread #2 - JmsConsumer[EmployeeQueue]] Could not refresh JMS Connection for destination 'EmployeeQueue' - retrying using FixedBackOff{interval=5000, currentAttempts=3, maxAttempts=unlimited}. Cause: Could not connect to broker URL: tcp://localhost:61616. Reason: java.net.ConnectException: Connection refused: connect
