2022-11-22 13:54:36,385 INFO org.springframework.boot.StartupInfoLogger [main] Starting DemoProjectApplication using Java 11.0.13 on MUM-LAP-1566 with PID 8884 (C:\Projects\demoProject\build\classes\java\main started by darshana.shingade in C:\Projects\demoProject)
2022-11-22 13:54:36,392 INFO org.hibernate.validator.internal.util.Version [background-preinit] HV000001: Hibernate Validator 6.2.4.Final
2022-11-22 13:54:36,399 INFO org.springframework.boot.SpringApplication [main] The following 1 profile is active: "dev"
2022-11-22 13:54:38,219 INFO org.springframework.data.repository.config.RepositoryConfigurationDelegate [main] Bootstrapping Spring Data JPA repositories in DEFAULT mode.
2022-11-22 13:54:38,331 INFO org.springframework.data.repository.config.RepositoryConfigurationDelegate [main] Finished Spring Data repository scanning in 96 ms. Found 2 JPA repository interfaces.
2022-11-22 13:54:39,922 INFO org.springframework.boot.web.embedded.tomcat.TomcatWebServer [main] Tomcat initialized with port(s): 8889 (http)
2022-11-22 13:54:39,943 INFO org.apache.juli.logging.DirectJDKLog [main] Initializing ProtocolHandler ["http-nio-8889"]
2022-11-22 13:54:39,944 INFO org.apache.juli.logging.DirectJDKLog [main] Starting service [Tomcat]
2022-11-22 13:54:39,945 INFO org.apache.juli.logging.DirectJDKLog [main] Starting Servlet engine: [Apache Tomcat/9.0.65]
2022-11-22 13:54:40,537 INFO org.apache.juli.logging.DirectJDKLog [main] Initializing Spring embedded WebApplicationContext
2022-11-22 13:54:40,538 INFO org.springframework.boot.web.servlet.context.ServletWebServerApplicationContext [main] Root WebApplicationContext: initialization completed in 4057 ms
2022-11-22 13:54:40,864 INFO org.hibernate.jpa.internal.util.LogHelper [main] HHH000204: Processing PersistenceUnitInfo [name: default]
2022-11-22 13:54:40,996 INFO org.hibernate.Version [main] HHH000412: Hibernate ORM core version 5.6.10.Final
2022-11-22 13:54:41,452 INFO org.hibernate.annotations.common.reflection.java.JavaReflectionManager [main] HCANN000001: Hibernate Commons Annotations {5.1.2.Final}
2022-11-22 13:54:41,692 INFO com.zaxxer.hikari.HikariDataSource [main] HikariPool-1 - Starting...
2022-11-22 13:54:42,295 INFO com.zaxxer.hikari.HikariDataSource [main] HikariPool-1 - Start completed.
2022-11-22 13:54:42,332 INFO org.hibernate.dialect.Dialect [main] HHH000400: Using dialect: org.hibernate.dialect.MySQL5InnoDBDialect
2022-11-22 13:54:43,763 INFO org.hibernate.engine.transaction.jta.platform.internal.JtaPlatformInitiator [main] HHH000490: Using JtaPlatform implementation: [org.hibernate.engine.transaction.jta.platform.internal.NoJtaPlatform]
2022-11-22 13:54:43,777 INFO org.springframework.orm.jpa.AbstractEntityManagerFactoryBean [main] Initialized JPA EntityManagerFactory for persistence unit 'default'
2022-11-22 13:54:45,044 WARN org.springframework.boot.autoconfigure.orm.jpa.JpaBaseConfiguration$JpaWebConfiguration [main] spring.jpa.open-in-view is enabled by default. Therefore, database queries may be performed during view rendering. Explicitly configure spring.jpa.open-in-view to disable this warning
2022-11-22 13:54:46,009 INFO org.apache.juli.logging.DirectJDKLog [main] Starting ProtocolHandler ["http-nio-8889"]
2022-11-22 13:54:46,096 INFO org.springframework.boot.web.embedded.tomcat.TomcatWebServer [main] Tomcat started on port(s): 8889 (http) with context path ''
2022-11-22 13:54:46,638 INFO org.apache.camel.impl.engine.AbstractCamelContext [main] Apache Camel 3.18.0 (camel-1) is starting
2022-11-22 13:54:47,048 INFO org.apache.camel.impl.engine.AbstractCamelContext [main] Routes startup (started:2)
2022-11-22 13:54:47,049 INFO org.apache.camel.impl.engine.AbstractCamelContext [main]     Started route1 (activemq://CompanyQueue)
2022-11-22 13:54:47,049 INFO org.apache.camel.impl.engine.AbstractCamelContext [main]     Started route2 (activemq://EmployeeQueue)
2022-11-22 13:54:47,050 INFO org.apache.camel.impl.engine.AbstractCamelContext [main] Apache Camel 3.18.0 (camel-1) started in 944ms (build:112ms init:420ms start:412ms)
2022-11-22 13:54:47,058 INFO org.springframework.boot.StartupInfoLogger [main] Started DemoProjectApplication in 11.702 seconds (JVM running for 13.198)
2022-11-22 17:40:45,509 INFO org.springframework.jms.connection.SingleConnectionFactory [ActiveMQ Connection Executor: tcp://localhost/127.0.0.1:61616@65183] Encountered a JMSException - resetting the underlying JMS Connection
javax.jms.JMSException: Connection reset
	at org.apache.activemq.util.JMSExceptionSupport.create(JMSExceptionSupport.java:56)
	at org.apache.activemq.ActiveMQConnection.onAsyncException(ActiveMQConnection.java:1973)
	at org.apache.activemq.ActiveMQConnection.onException(ActiveMQConnection.java:1992)
	at org.apache.activemq.transport.TransportFilter.onException(TransportFilter.java:114)
	at org.apache.activemq.transport.ResponseCorrelator.onException(ResponseCorrelator.java:126)
	at org.apache.activemq.transport.TransportFilter.onException(TransportFilter.java:114)
	at org.apache.activemq.transport.TransportFilter.onException(TransportFilter.java:114)
	at org.apache.activemq.transport.WireFormatNegotiator.onException(WireFormatNegotiator.java:173)
	at org.apache.activemq.transport.AbstractInactivityMonitor.onException(AbstractInactivityMonitor.java:345)
	at org.apache.activemq.transport.TransportSupport.onException(TransportSupport.java:96)
	at org.apache.activemq.transport.tcp.TcpTransport.run(TcpTransport.java:219)
	at java.base/java.lang.Thread.run(Thread.java:834)
Caused by: java.net.SocketException: Connection reset
	at java.base/java.net.SocketInputStream.read(SocketInputStream.java:186)
	at java.base/java.net.SocketInputStream.read(SocketInputStream.java:140)
	at org.apache.activemq.transport.tcp.TcpBufferedInputStream.fill(TcpBufferedInputStream.java:50)
	at org.apache.activemq.transport.tcp.TcpTransport$2.fill(TcpTransport.java:634)
	at org.apache.activemq.transport.tcp.TcpBufferedInputStream.read(TcpBufferedInputStream.java:59)
	at org.apache.activemq.transport.tcp.TcpTransport$2.read(TcpTransport.java:619)
	at java.base/java.io.DataInputStream.readInt(DataInputStream.java:392)
	at org.apache.activemq.openwire.OpenWireFormat.unmarshal(OpenWireFormat.java:280)
	at org.apache.activemq.transport.tcp.TcpTransport.readCommand(TcpTransport.java:240)
	at org.apache.activemq.transport.tcp.TcpTransport.doRun(TcpTransport.java:232)
	at org.apache.activemq.transport.tcp.TcpTransport.run(TcpTransport.java:215)
	... 1 common frames omitted
2022-11-22 17:40:45,520 WARN org.springframework.jms.listener.DefaultMessageListenerContainer [Camel (camel-1) thread #1 - JmsConsumer[CompanyQueue]] Setup of JMS message listener invoker failed for destination 'CompanyQueue' - trying to recover. Cause: The Consumer is closed
2022-11-22 17:40:45,520 WARN org.springframework.jms.listener.DefaultMessageListenerContainer [Camel (camel-1) thread #2 - JmsConsumer[EmployeeQueue]] Setup of JMS message listener invoker failed for destination 'EmployeeQueue' - trying to recover. Cause: The Consumer is closed
2022-11-22 17:40:45,524 WARN org.springframework.jms.connection.SingleConnectionFactory [ActiveMQ Connection Executor: tcp://localhost/127.0.0.1:61616@65183] Could not close shared JMS Connection
javax.jms.JMSException: Disposed due to prior exception
	at org.apache.activemq.util.JMSExceptionSupport.create(JMSExceptionSupport.java:80)
	at org.apache.activemq.ActiveMQConnection.syncSendPacket(ActiveMQConnection.java:1423)
	at org.apache.activemq.ActiveMQConnection.close(ActiveMQConnection.java:691)
	at org.springframework.jms.connection.SingleConnectionFactory.closeConnection(SingleConnectionFactory.java:502)
	at org.springframework.jms.connection.SingleConnectionFactory.resetConnection(SingleConnectionFactory.java:390)
	at org.springframework.jms.connection.CachingConnectionFactory.resetConnection(CachingConnectionFactory.java:234)
	at org.springframework.jms.connection.SingleConnectionFactory.onException(SingleConnectionFactory.java:368)
	at org.springframework.jms.connection.SingleConnectionFactory$AggregatedExceptionListener.onException(SingleConnectionFactory.java:716)
	at org.apache.activemq.ActiveMQConnection$5.run(ActiveMQConnection.java:1980)
	at java.base/java.util.concurrent.ThreadPoolExecutor.runWorker(ThreadPoolExecutor.java:1128)
	at java.base/java.util.concurrent.ThreadPoolExecutor$Worker.run(ThreadPoolExecutor.java:628)
	at java.base/java.lang.Thread.run(Thread.java:834)
Caused by: org.apache.activemq.transport.TransportDisposedIOException: Disposed due to prior exception
	at org.apache.activemq.transport.ResponseCorrelator.onException(ResponseCorrelator.java:125)
	at org.apache.activemq.transport.TransportFilter.onException(TransportFilter.java:114)
	at org.apache.activemq.transport.TransportFilter.onException(TransportFilter.java:114)
	at org.apache.activemq.transport.WireFormatNegotiator.onException(WireFormatNegotiator.java:173)
	at org.apache.activemq.transport.AbstractInactivityMonitor.onException(AbstractInactivityMonitor.java:345)
	at org.apache.activemq.transport.TransportSupport.onException(TransportSupport.java:96)
	at org.apache.activemq.transport.tcp.TcpTransport.run(TcpTransport.java:219)
	... 1 common frames omitted
Caused by: java.net.SocketException: Connection reset
	at java.base/java.net.SocketInputStream.read(SocketInputStream.java:186)
	at java.base/java.net.SocketInputStream.read(SocketInputStream.java:140)
	at org.apache.activemq.transport.tcp.TcpBufferedInputStream.fill(TcpBufferedInputStream.java:50)
	at org.apache.activemq.transport.tcp.TcpTransport$2.fill(TcpTransport.java:634)
	at org.apache.activemq.transport.tcp.TcpBufferedInputStream.read(TcpBufferedInputStream.java:59)
	at org.apache.activemq.transport.tcp.TcpTransport$2.read(TcpTransport.java:619)
	at java.base/java.io.DataInputStream.readInt(DataInputStream.java:392)
	at org.apache.activemq.openwire.OpenWireFormat.unmarshal(OpenWireFormat.java:280)
	at org.apache.activemq.transport.tcp.TcpTransport.readCommand(TcpTransport.java:240)
	at org.apache.activemq.transport.tcp.TcpTransport.doRun(TcpTransport.java:232)
	at org.apache.activemq.transport.tcp.TcpTransport.run(TcpTransport.java:215)
	... 1 common frames omitted
2022-11-22 17:40:47,584 ERROR org.springframework.jms.listener.DefaultMessageListenerContainer [Camel (camel-1) thread #1 - JmsConsumer[CompanyQueue]] Could not refresh JMS Connection for destination 'CompanyQueue' - retrying using FixedBackOff{interval=5000, currentAttempts=0, maxAttempts=unlimited}. Cause: Could not connect to broker URL: tcp://localhost:61616. Reason: java.net.ConnectException: Connection refused: connect
2022-11-22 17:40:49,653 ERROR org.springframework.jms.listener.DefaultMessageListenerContainer [Camel (camel-1) thread #2 - JmsConsumer[EmployeeQueue]] Could not refresh JMS Connection for destination 'EmployeeQueue' - retrying using FixedBackOff{interval=5000, currentAttempts=0, maxAttempts=unlimited}. Cause: Could not connect to broker URL: tcp://localhost:61616. Reason: java.net.ConnectException: Connection refused: connect
