2022-09-29 12:41:39,554 INFO org.hibernate.validator.internal.util.Version [background-preinit] HV000001: Hibernate Validator 6.2.4.Final
2022-09-29 12:41:39,556 INFO org.springframework.boot.StartupInfoLogger [main] Starting DemoProjectApplication using Java 11.0.13 on MUM-LAP-1566 with PID 31352 (C:\Projects\demoProject\build\classes\java\main started by darshana.shingade in C:\Projects\demoProject)
2022-09-29 12:41:39,573 INFO org.springframework.boot.SpringApplication [main] The following 1 profile is active: "dev"
2022-09-29 12:41:41,251 INFO org.springframework.data.repository.config.RepositoryConfigurationDelegate [main] Bootstrapping Spring Data JPA repositories in DEFAULT mode.
2022-09-29 12:41:41,360 INFO org.springframework.data.repository.config.RepositoryConfigurationDelegate [main] Finished Spring Data repository scanning in 94 ms. Found 2 JPA repository interfaces.
2022-09-29 12:41:42,691 INFO org.springframework.boot.web.embedded.tomcat.TomcatWebServer [main] Tomcat initialized with port(s): 8889 (http)
2022-09-29 12:41:42,710 INFO org.apache.juli.logging.DirectJDKLog [main] Initializing ProtocolHandler ["http-nio-8889"]
2022-09-29 12:41:42,711 INFO org.apache.juli.logging.DirectJDKLog [main] Starting service [Tomcat]
2022-09-29 12:41:42,711 INFO org.apache.juli.logging.DirectJDKLog [main] Starting Servlet engine: [Apache Tomcat/9.0.65]
2022-09-29 12:41:43,321 INFO org.apache.juli.logging.DirectJDKLog [main] Initializing Spring embedded WebApplicationContext
2022-09-29 12:41:43,321 INFO org.springframework.boot.web.servlet.context.ServletWebServerApplicationContext [main] Root WebApplicationContext: initialization completed in 3654 ms
2022-09-29 12:41:43,587 INFO org.hibernate.jpa.internal.util.LogHelper [main] HHH000204: Processing PersistenceUnitInfo [name: default]
2022-09-29 12:41:43,704 INFO org.hibernate.Version [main] HHH000412: Hibernate ORM core version 5.6.10.Final
2022-09-29 12:41:44,116 INFO org.hibernate.annotations.common.reflection.java.JavaReflectionManager [main] HCANN000001: Hibernate Commons Annotations {5.1.2.Final}
2022-09-29 12:41:44,354 INFO com.zaxxer.hikari.HikariDataSource [main] HikariPool-1 - Starting...
2022-09-29 12:41:44,911 INFO com.zaxxer.hikari.HikariDataSource [main] HikariPool-1 - Start completed.
2022-09-29 12:41:44,951 INFO org.hibernate.dialect.Dialect [main] HHH000400: Using dialect: org.hibernate.dialect.MySQL5InnoDBDialect
2022-09-29 12:41:46,291 INFO org.hibernate.engine.transaction.jta.platform.internal.JtaPlatformInitiator [main] HHH000490: Using JtaPlatform implementation: [org.hibernate.engine.transaction.jta.platform.internal.NoJtaPlatform]
2022-09-29 12:41:46,304 INFO org.springframework.orm.jpa.AbstractEntityManagerFactoryBean [main] Initialized JPA EntityManagerFactory for persistence unit 'default'
2022-09-29 12:41:47,692 WARN org.springframework.boot.autoconfigure.orm.jpa.JpaBaseConfiguration$JpaWebConfiguration [main] spring.jpa.open-in-view is enabled by default. Therefore, database queries may be performed during view rendering. Explicitly configure spring.jpa.open-in-view to disable this warning
2022-09-29 12:41:48,626 INFO org.apache.juli.logging.DirectJDKLog [main] Starting ProtocolHandler ["http-nio-8889"]
2022-09-29 12:41:48,710 INFO org.springframework.boot.web.embedded.tomcat.TomcatWebServer [main] Tomcat started on port(s): 8889 (http) with context path ''
2022-09-29 12:41:49,170 INFO org.apache.camel.impl.engine.AbstractCamelContext [main] Apache Camel 3.18.0 (camel-1) is starting
2022-09-29 12:41:49,522 INFO org.apache.camel.impl.engine.AbstractCamelContext [main] Routes startup (started:2)
2022-09-29 12:41:49,523 INFO org.apache.camel.impl.engine.AbstractCamelContext [main]     Started route1 (activemq://CompanyQueue)
2022-09-29 12:41:49,523 INFO org.apache.camel.impl.engine.AbstractCamelContext [main]     Started route2 (activemq://EmployeeQueue)
2022-09-29 12:41:49,524 INFO org.apache.camel.impl.engine.AbstractCamelContext [main] Apache Camel 3.18.0 (camel-1) started in 837ms (build:121ms init:363ms start:353ms)
2022-09-29 12:41:49,533 INFO org.springframework.boot.StartupInfoLogger [main] Started DemoProjectApplication in 10.962 seconds (JVM running for 12.733)
2022-09-29 12:42:08,398 INFO org.springframework.jms.connection.SingleConnectionFactory [ActiveMQ Connection Executor: tcp://localhost/127.0.0.1:61616@57303] Encountered a JMSException - resetting the underlying JMS Connection
javax.jms.JMSException: java.io.EOFException
	at org.apache.activemq.util.JMSExceptionSupport.create(JMSExceptionSupport.java:56)
	at org.apache.activemq.ActiveMQConnection.onAsyncException(ActiveMQConnection.java:1973)
	at org.apache.activemq.ActiveMQConnection.onException(ActiveMQConnection.java:1992)
	at org.apache.activemq.transport.TransportFilter.onException(TransportFilter.java:114)
	at org.apache.activemq.transport.ResponseCorrelator.onException(ResponseCorrelator.java:126)
	at org.apache.activemq.transport.TransportFilter.onException(TransportFilter.java:114)
	at org.apache.activemq.transport.TransportFilter.onException(TransportFilter.java:114)
	at org.apache.activemq.transport.WireFormatNegotiator.onException(WireFormatNegotiator.java:173)
	at org.apache.activemq.transport.AbstractInactivityMonitor.onException(AbstractInactivityMonitor.java:345)
	at org.apache.activemq.transport.TransportSupport.onException(TransportSupport.java:96)
	at org.apache.activemq.transport.tcp.TcpTransport.run(TcpTransport.java:219)
	at java.base/java.lang.Thread.run(Thread.java:834)
Caused by: java.io.EOFException: null
	at java.base/java.io.DataInputStream.readInt(DataInputStream.java:397)
	at org.apache.activemq.openwire.OpenWireFormat.unmarshal(OpenWireFormat.java:280)
	at org.apache.activemq.transport.tcp.TcpTransport.readCommand(TcpTransport.java:240)
	at org.apache.activemq.transport.tcp.TcpTransport.doRun(TcpTransport.java:232)
	at org.apache.activemq.transport.tcp.TcpTransport.run(TcpTransport.java:215)
	... 1 common frames omitted
2022-09-29 12:42:08,403 WARN org.springframework.jms.listener.DefaultMessageListenerContainer [Camel (camel-1) thread #2 - JmsConsumer[EmployeeQueue]] Setup of JMS message listener invoker failed for destination 'EmployeeQueue' - trying to recover. Cause: The Consumer is closed
2022-09-29 12:42:08,403 WARN org.springframework.jms.listener.DefaultMessageListenerContainer [Camel (camel-1) thread #1 - JmsConsumer[CompanyQueue]] Setup of JMS message listener invoker failed for destination 'CompanyQueue' - trying to recover. Cause: The Session is closed
2022-09-29 12:42:08,408 WARN org.springframework.jms.connection.SingleConnectionFactory [ActiveMQ Connection Executor: tcp://localhost/127.0.0.1:61616@57303] Could not close shared JMS Connection
javax.jms.JMSException: Disposed due to prior exception
	at org.apache.activemq.util.JMSExceptionSupport.create(JMSExceptionSupport.java:80)
	at org.apache.activemq.ActiveMQConnection.syncSendPacket(ActiveMQConnection.java:1423)
	at org.apache.activemq.ActiveMQConnection.close(ActiveMQConnection.java:691)
	at org.springframework.jms.connection.SingleConnectionFactory.closeConnection(SingleConnectionFactory.java:502)
	at org.springframework.jms.connection.SingleConnectionFactory.resetConnection(SingleConnectionFactory.java:390)
	at org.springframework.jms.connection.CachingConnectionFactory.resetConnection(CachingConnectionFactory.java:234)
	at org.springframework.jms.connection.SingleConnectionFactory.onException(SingleConnectionFactory.java:368)
	at org.springframework.jms.connection.SingleConnectionFactory$AggregatedExceptionListener.onException(SingleConnectionFactory.java:716)
	at org.apache.activemq.ActiveMQConnection$5.run(ActiveMQConnection.java:1980)
	at java.base/java.util.concurrent.ThreadPoolExecutor.runWorker(ThreadPoolExecutor.java:1128)
	at java.base/java.util.concurrent.ThreadPoolExecutor$Worker.run(ThreadPoolExecutor.java:628)
	at java.base/java.lang.Thread.run(Thread.java:834)
Caused by: org.apache.activemq.transport.TransportDisposedIOException: Disposed due to prior exception
	at org.apache.activemq.transport.ResponseCorrelator.onException(ResponseCorrelator.java:125)
	at org.apache.activemq.transport.TransportFilter.onException(TransportFilter.java:114)
	at org.apache.activemq.transport.TransportFilter.onException(TransportFilter.java:114)
	at org.apache.activemq.transport.WireFormatNegotiator.onException(WireFormatNegotiator.java:173)
	at org.apache.activemq.transport.AbstractInactivityMonitor.onException(AbstractInactivityMonitor.java:345)
	at org.apache.activemq.transport.TransportSupport.onException(TransportSupport.java:96)
	at org.apache.activemq.transport.tcp.TcpTransport.run(TcpTransport.java:219)
	... 1 common frames omitted
Caused by: java.io.EOFException: null
	at java.base/java.io.DataInputStream.readInt(DataInputStream.java:397)
	at org.apache.activemq.openwire.OpenWireFormat.unmarshal(OpenWireFormat.java:280)
	at org.apache.activemq.transport.tcp.TcpTransport.readCommand(TcpTransport.java:240)
	at org.apache.activemq.transport.tcp.TcpTransport.doRun(TcpTransport.java:232)
	at org.apache.activemq.transport.tcp.TcpTransport.run(TcpTransport.java:215)
	... 1 common frames omitted
2022-09-29 12:42:10,445 ERROR org.springframework.jms.listener.DefaultMessageListenerContainer [Camel (camel-1) thread #1 - JmsConsumer[CompanyQueue]] Could not refresh JMS Connection for destination 'CompanyQueue' - retrying using FixedBackOff{interval=5000, currentAttempts=0, maxAttempts=unlimited}. Cause: Could not connect to broker URL: tcp://localhost:61616. Reason: java.net.ConnectException: Connection refused: connect
2022-09-29 12:42:12,482 ERROR org.springframework.jms.listener.DefaultMessageListenerContainer [Camel (camel-1) thread #2 - JmsConsumer[EmployeeQueue]] Could not refresh JMS Connection for destination 'EmployeeQueue' - retrying using FixedBackOff{interval=5000, currentAttempts=0, maxAttempts=unlimited}. Cause: Could not connect to broker URL: tcp://localhost:61616. Reason: java.net.ConnectException: Connection refused: connect
2022-09-29 12:42:17,504 ERROR org.springframework.jms.listener.DefaultMessageListenerContainer [Camel (camel-1) thread #1 - JmsConsumer[CompanyQueue]] Could not refresh JMS Connection for destination 'CompanyQueue' - retrying using FixedBackOff{interval=5000, currentAttempts=1, maxAttempts=unlimited}. Cause: Could not connect to broker URL: tcp://localhost:61616. Reason: java.net.ConnectException: Connection refused: connect
2022-09-29 12:42:19,528 ERROR org.springframework.jms.listener.DefaultMessageListenerContainer [Camel (camel-1) thread #2 - JmsConsumer[EmployeeQueue]] Could not refresh JMS Connection for destination 'EmployeeQueue' - retrying using FixedBackOff{interval=5000, currentAttempts=1, maxAttempts=unlimited}. Cause: Could not connect to broker URL: tcp://localhost:61616. Reason: java.net.ConnectException: Connection refused: connect
2022-09-29 12:42:24,560 ERROR org.springframework.jms.listener.DefaultMessageListenerContainer [Camel (camel-1) thread #1 - JmsConsumer[CompanyQueue]] Could not refresh JMS Connection for destination 'CompanyQueue' - retrying using FixedBackOff{interval=5000, currentAttempts=2, maxAttempts=unlimited}. Cause: Could not connect to broker URL: tcp://localhost:61616. Reason: java.net.ConnectException: Connection refused: connect
2022-09-29 12:42:26,615 ERROR org.springframework.jms.listener.DefaultMessageListenerContainer [Camel (camel-1) thread #2 - JmsConsumer[EmployeeQueue]] Could not refresh JMS Connection for destination 'EmployeeQueue' - retrying using FixedBackOff{interval=5000, currentAttempts=2, maxAttempts=unlimited}. Cause: Could not connect to broker URL: tcp://localhost:61616. Reason: java.net.ConnectException: Connection refused: connect
2022-09-29 12:42:31,613 ERROR org.springframework.jms.listener.DefaultMessageListenerContainer [Camel (camel-1) thread #1 - JmsConsumer[CompanyQueue]] Could not refresh JMS Connection for destination 'CompanyQueue' - retrying using FixedBackOff{interval=5000, currentAttempts=3, maxAttempts=unlimited}. Cause: Could not connect to broker URL: tcp://localhost:61616. Reason: java.net.ConnectException: Connection refused: connect
2022-09-29 12:42:33,673 ERROR org.springframework.jms.listener.DefaultMessageListenerContainer [Camel (camel-1) thread #2 - JmsConsumer[EmployeeQueue]] Could not refresh JMS Connection for destination 'EmployeeQueue' - retrying using FixedBackOff{interval=5000, currentAttempts=3, maxAttempts=unlimited}. Cause: Could not connect to broker URL: tcp://localhost:61616. Reason: java.net.ConnectException: Connection refused: connect
2022-09-29 12:42:38,668 ERROR org.springframework.jms.listener.DefaultMessageListenerContainer [Camel (camel-1) thread #1 - JmsConsumer[CompanyQueue]] Could not refresh JMS Connection for destination 'CompanyQueue' - retrying using FixedBackOff{interval=5000, currentAttempts=4, maxAttempts=unlimited}. Cause: Could not connect to broker URL: tcp://localhost:61616. Reason: java.net.ConnectException: Connection refused: connect
2022-09-29 12:42:40,747 ERROR org.springframework.jms.listener.DefaultMessageListenerContainer [Camel (camel-1) thread #2 - JmsConsumer[EmployeeQueue]] Could not refresh JMS Connection for destination 'EmployeeQueue' - retrying using FixedBackOff{interval=5000, currentAttempts=4, maxAttempts=unlimited}. Cause: Could not connect to broker URL: tcp://localhost:61616. Reason: java.net.ConnectException: Connection refused: connect
2022-09-29 12:43:41,316 INFO org.springframework.boot.StartupInfoLogger [main] Starting DemoProjectApplication using Java 11.0.13 on MUM-LAP-1566 with PID 5116 (C:\Projects\demoProject\build\classes\java\main started by darshana.shingade in C:\Projects\demoProject)
2022-09-29 12:43:41,316 INFO org.hibernate.validator.internal.util.Version [background-preinit] HV000001: Hibernate Validator 6.2.4.Final
2022-09-29 12:43:41,322 INFO org.springframework.boot.SpringApplication [main] The following 1 profile is active: "dev"
2022-09-29 12:43:42,883 INFO org.springframework.data.repository.config.RepositoryConfigurationDelegate [main] Bootstrapping Spring Data JPA repositories in DEFAULT mode.
2022-09-29 12:43:42,978 INFO org.springframework.data.repository.config.RepositoryConfigurationDelegate [main] Finished Spring Data repository scanning in 81 ms. Found 2 JPA repository interfaces.
2022-09-29 12:43:44,286 INFO org.springframework.boot.web.embedded.tomcat.TomcatWebServer [main] Tomcat initialized with port(s): 8889 (http)
2022-09-29 12:43:44,299 INFO org.apache.juli.logging.DirectJDKLog [main] Initializing ProtocolHandler ["http-nio-8889"]
2022-09-29 12:43:44,300 INFO org.apache.juli.logging.DirectJDKLog [main] Starting service [Tomcat]
2022-09-29 12:43:44,301 INFO org.apache.juli.logging.DirectJDKLog [main] Starting Servlet engine: [Apache Tomcat/9.0.65]
2022-09-29 12:43:44,880 INFO org.apache.juli.logging.DirectJDKLog [main] Initializing Spring embedded WebApplicationContext
2022-09-29 12:43:44,881 INFO org.springframework.boot.web.servlet.context.ServletWebServerApplicationContext [main] Root WebApplicationContext: initialization completed in 3470 ms
2022-09-29 12:43:45,158 INFO org.hibernate.jpa.internal.util.LogHelper [main] HHH000204: Processing PersistenceUnitInfo [name: default]
2022-09-29 12:43:45,261 INFO org.hibernate.Version [main] HHH000412: Hibernate ORM core version 5.6.10.Final
2022-09-29 12:43:45,514 INFO org.hibernate.annotations.common.reflection.java.JavaReflectionManager [main] HCANN000001: Hibernate Commons Annotations {5.1.2.Final}
2022-09-29 12:43:45,675 INFO com.zaxxer.hikari.HikariDataSource [main] HikariPool-1 - Starting...
2022-09-29 12:43:46,142 INFO com.zaxxer.hikari.HikariDataSource [main] HikariPool-1 - Start completed.
2022-09-29 12:43:46,174 INFO org.hibernate.dialect.Dialect [main] HHH000400: Using dialect: org.hibernate.dialect.MySQL5InnoDBDialect
2022-09-29 12:43:47,311 INFO org.hibernate.engine.transaction.jta.platform.internal.JtaPlatformInitiator [main] HHH000490: Using JtaPlatform implementation: [org.hibernate.engine.transaction.jta.platform.internal.NoJtaPlatform]
2022-09-29 12:43:47,323 INFO org.springframework.orm.jpa.AbstractEntityManagerFactoryBean [main] Initialized JPA EntityManagerFactory for persistence unit 'default'
2022-09-29 12:43:48,420 WARN org.springframework.boot.autoconfigure.orm.jpa.JpaBaseConfiguration$JpaWebConfiguration [main] spring.jpa.open-in-view is enabled by default. Therefore, database queries may be performed during view rendering. Explicitly configure spring.jpa.open-in-view to disable this warning
2022-09-29 12:43:49,278 INFO org.apache.juli.logging.DirectJDKLog [main] Starting ProtocolHandler ["http-nio-8889"]
2022-09-29 12:43:49,354 INFO org.springframework.boot.web.embedded.tomcat.TomcatWebServer [main] Tomcat started on port(s): 8889 (http) with context path ''
2022-09-29 12:43:49,835 INFO org.apache.camel.impl.engine.AbstractCamelContext [main] Apache Camel 3.18.0 (camel-1) is starting
2022-09-29 12:43:50,207 INFO org.apache.camel.impl.engine.AbstractCamelContext [main] Routes startup (started:2)
2022-09-29 12:43:50,209 INFO org.apache.camel.impl.engine.AbstractCamelContext [main]     Started route1 (activemq://CompanyQueue)
2022-09-29 12:43:50,209 INFO org.apache.camel.impl.engine.AbstractCamelContext [main]     Started route2 (activemq://EmployeeQueue)
2022-09-29 12:43:50,210 INFO org.apache.camel.impl.engine.AbstractCamelContext [main] Apache Camel 3.18.0 (camel-1) started in 853ms (build:97ms init:381ms start:375ms)
2022-09-29 12:43:50,218 INFO org.springframework.boot.StartupInfoLogger [main] Started DemoProjectApplication in 9.788 seconds (JVM running for 11.157)
2022-09-29 12:48:23,134 INFO org.apache.juli.logging.DirectJDKLog [http-nio-8889-exec-1] Initializing Spring DispatcherServlet 'dispatcherServlet'
2022-09-29 12:48:23,135 INFO org.springframework.web.servlet.FrameworkServlet [http-nio-8889-exec-1] Initializing Servlet 'dispatcherServlet'
2022-09-29 12:48:23,137 INFO org.springframework.web.servlet.FrameworkServlet [http-nio-8889-exec-1] Completed initialization in 2 ms
2022-09-29 12:48:23,288 ERROR org.apache.juli.logging.DirectJDKLog [http-nio-8889-exec-1] Servlet.service() for servlet [dispatcherServlet] in context with path [] threw exception [Request processing failed; nested exception is java.util.NoSuchElementException: No value present] with root cause
java.util.NoSuchElementException: No value present
	at java.base/java.util.Optional.get(Optional.java:148)
	at com.example.demoProject.services.EmployeeServices.getEmpById(EmployeeServices.java:33)
	at com.example.demoProject.controller.EmployeeController.getDataById(EmployeeController.java:45)
	at java.base/jdk.internal.reflect.NativeMethodAccessorImpl.invoke0(Native Method)
	at java.base/jdk.internal.reflect.NativeMethodAccessorImpl.invoke(NativeMethodAccessorImpl.java:62)
	at java.base/jdk.internal.reflect.DelegatingMethodAccessorImpl.invoke(DelegatingMethodAccessorImpl.java:43)
	at java.base/java.lang.reflect.Method.invoke(Method.java:566)
	at org.springframework.web.method.support.InvocableHandlerMethod.doInvoke(InvocableHandlerMethod.java:205)
	at org.springframework.web.method.support.InvocableHandlerMethod.invokeForRequest(InvocableHandlerMethod.java:150)
	at org.springframework.web.servlet.mvc.method.annotation.ServletInvocableHandlerMethod.invokeAndHandle(ServletInvocableHandlerMethod.java:117)
	at org.springframework.web.servlet.mvc.method.annotation.RequestMappingHandlerAdapter.invokeHandlerMethod(RequestMappingHandlerAdapter.java:895)
	at org.springframework.web.servlet.mvc.method.annotation.RequestMappingHandlerAdapter.handleInternal(RequestMappingHandlerAdapter.java:808)
	at org.springframework.web.servlet.mvc.method.AbstractHandlerMethodAdapter.handle(AbstractHandlerMethodAdapter.java:87)
	at org.springframework.web.servlet.DispatcherServlet.doDispatch(DispatcherServlet.java:1070)
	at org.springframework.web.servlet.DispatcherServlet.doService(DispatcherServlet.java:963)
	at org.springframework.web.servlet.FrameworkServlet.processRequest(FrameworkServlet.java:1006)
	at org.springframework.web.servlet.FrameworkServlet.doGet(FrameworkServlet.java:898)
	at javax.servlet.http.HttpServlet.service(HttpServlet.java:655)
	at org.springframework.web.servlet.FrameworkServlet.service(FrameworkServlet.java:883)
	at javax.servlet.http.HttpServlet.service(HttpServlet.java:764)
	at org.apache.catalina.core.ApplicationFilterChain.internalDoFilter(ApplicationFilterChain.java:227)
	at org.apache.catalina.core.ApplicationFilterChain.doFilter(ApplicationFilterChain.java:162)
	at org.apache.tomcat.websocket.server.WsFilter.doFilter(WsFilter.java:53)
	at org.apache.catalina.core.ApplicationFilterChain.internalDoFilter(ApplicationFilterChain.java:189)
	at org.apache.catalina.core.ApplicationFilterChain.doFilter(ApplicationFilterChain.java:162)
	at org.springframework.web.filter.RequestContextFilter.doFilterInternal(RequestContextFilter.java:100)
	at org.springframework.web.filter.OncePerRequestFilter.doFilter(OncePerRequestFilter.java:117)
	at org.apache.catalina.core.ApplicationFilterChain.internalDoFilter(ApplicationFilterChain.java:189)
	at org.apache.catalina.core.ApplicationFilterChain.doFilter(ApplicationFilterChain.java:162)
	at org.springframework.web.filter.FormContentFilter.doFilterInternal(FormContentFilter.java:93)
	at org.springframework.web.filter.OncePerRequestFilter.doFilter(OncePerRequestFilter.java:117)
	at org.apache.catalina.core.ApplicationFilterChain.internalDoFilter(ApplicationFilterChain.java:189)
	at org.apache.catalina.core.ApplicationFilterChain.doFilter(ApplicationFilterChain.java:162)
	at org.springframework.web.filter.CharacterEncodingFilter.doFilterInternal(CharacterEncodingFilter.java:201)
	at org.springframework.web.filter.OncePerRequestFilter.doFilter(OncePerRequestFilter.java:117)
	at org.apache.catalina.core.ApplicationFilterChain.internalDoFilter(ApplicationFilterChain.java:189)
	at org.apache.catalina.core.ApplicationFilterChain.doFilter(ApplicationFilterChain.java:162)
	at org.apache.catalina.core.StandardWrapperValve.invoke(StandardWrapperValve.java:197)
	at org.apache.catalina.core.StandardContextValve.invoke(StandardContextValve.java:97)
	at org.apache.catalina.authenticator.AuthenticatorBase.invoke(AuthenticatorBase.java:541)
	at org.apache.catalina.core.StandardHostValve.invoke(StandardHostValve.java:135)
	at org.apache.catalina.valves.ErrorReportValve.invoke(ErrorReportValve.java:92)
	at org.apache.catalina.core.StandardEngineValve.invoke(StandardEngineValve.java:78)
	at org.apache.catalina.connector.CoyoteAdapter.service(CoyoteAdapter.java:360)
	at org.apache.coyote.http11.Http11Processor.service(Http11Processor.java:399)
	at org.apache.coyote.AbstractProcessorLight.process(AbstractProcessorLight.java:65)
	at org.apache.coyote.AbstractProtocol$ConnectionHandler.process(AbstractProtocol.java:890)
	at org.apache.tomcat.util.net.NioEndpoint$SocketProcessor.doRun(NioEndpoint.java:1789)
	at org.apache.tomcat.util.net.SocketProcessorBase.run(SocketProcessorBase.java:49)
	at org.apache.tomcat.util.threads.ThreadPoolExecutor.runWorker(ThreadPoolExecutor.java:1191)
	at org.apache.tomcat.util.threads.ThreadPoolExecutor$Worker.run(ThreadPoolExecutor.java:659)
	at org.apache.tomcat.util.threads.TaskThread$WrappingRunnable.run(TaskThread.java:61)
	at java.base/java.lang.Thread.run(Thread.java:834)
2022-09-29 13:07:32,129 INFO com.example.demoProject.services.EmployeeServices [http-nio-8889-exec-4] Get details of all employee
2022-09-29 13:08:06,353 INFO com.example.demoProject.services.EmployeeServices [http-nio-8889-exec-5] Get details of all employee
2022-09-29 13:08:55,257 INFO com.example.demoProject.services.EmployeeServices [http-nio-8889-exec-6] Get details of all employee
2022-09-29 13:09:00,266 INFO com.example.demoProject.services.EmployeeServices [http-nio-8889-exec-7] Get details of all employee
2022-09-29 13:48:14,185 INFO com.example.demoProject.services.EmployeeServices [http-nio-8889-exec-9] Get details of all employee
2022-09-29 13:49:27,089 INFO com.example.demoProject.services.EmployeeServices [http-nio-8889-exec-1] Get details of all employee
2022-09-29 14:06:49,247 INFO com.example.demoProject.services.EmployeeServices [http-nio-8889-exec-4] Get details of all employee
2022-09-29 14:13:56,825 INFO com.example.demoProject.services.EmployeeServices [http-nio-8889-exec-6] Get details of all employee
2022-09-29 14:14:08,761 INFO com.example.demoProject.services.EmployeeServices [http-nio-8889-exec-7] Get details of all employee
2022-09-29 15:25:40,284 INFO com.example.demoProject.services.EmployeeServices [http-nio-8889-exec-8] Data is deleted
2022-09-29 15:31:17,341 INFO com.example.demoProject.services.EmployeeServices [http-nio-8889-exec-2] Get details of all employee
2022-09-29 16:04:37,516 WARN org.springframework.web.servlet.handler.AbstractHandlerExceptionResolver [http-nio-8889-exec-4] Resolved [org.springframework.web.method.annotation.MethodArgumentTypeMismatchException: Failed to convert value of type 'java.lang.String' to required type 'int'; nested exception is java.lang.NumberFormatException: For input string: "undefined"]
2022-09-29 16:12:29,860 INFO com.example.demoProject.services.EmployeeServices [http-nio-8889-exec-7] Get details of all employee
