2022-09-23 11:23:07,332 INFO org.hibernate.validator.internal.util.Version [background-preinit] HV000001: Hibernate Validator 6.2.4.Final
2022-09-23 11:23:07,342 INFO org.springframework.boot.StartupInfoLogger [main] Starting DemoProjectApplication using Java 11.0.13 on MUM-LAP-1566 with PID 26480 (C:\Projects\demoProject\build\classes\java\main started by darshana.shingade in C:\Projects\demoProject)
2022-09-23 11:23:07,347 INFO org.springframework.boot.SpringApplication [main] The following 1 profile is active: "dev"
2022-09-23 11:23:08,717 INFO org.springframework.data.repository.config.RepositoryConfigurationDelegate [main] Bootstrapping Spring Data JPA repositories in DEFAULT mode.
2022-09-23 11:23:08,808 INFO org.springframework.data.repository.config.RepositoryConfigurationDelegate [main] Finished Spring Data repository scanning in 76 ms. Found 2 JPA repository interfaces.
2022-09-23 11:23:09,971 INFO org.springframework.boot.web.embedded.tomcat.TomcatWebServer [main] Tomcat initialized with port(s): 8889 (http)
2022-09-23 11:23:09,988 INFO org.apache.juli.logging.DirectJDKLog [main] Initializing ProtocolHandler ["http-nio-8889"]
2022-09-23 11:23:09,989 INFO org.apache.juli.logging.DirectJDKLog [main] Starting service [Tomcat]
2022-09-23 11:23:09,990 INFO org.apache.juli.logging.DirectJDKLog [main] Starting Servlet engine: [Apache Tomcat/9.0.65]
2022-09-23 11:23:10,462 INFO org.apache.juli.logging.DirectJDKLog [main] Initializing Spring embedded WebApplicationContext
2022-09-23 11:23:10,462 INFO org.springframework.boot.web.servlet.context.ServletWebServerApplicationContext [main] Root WebApplicationContext: initialization completed in 3026 ms
2022-09-23 11:23:10,709 INFO org.hibernate.jpa.internal.util.LogHelper [main] HHH000204: Processing PersistenceUnitInfo [name: default]
2022-09-23 11:23:10,810 INFO org.hibernate.Version [main] HHH000412: Hibernate ORM core version 5.6.10.Final
2022-09-23 11:23:11,085 INFO org.hibernate.annotations.common.reflection.java.JavaReflectionManager [main] HCANN000001: Hibernate Commons Annotations {5.1.2.Final}
2022-09-23 11:23:11,246 INFO com.zaxxer.hikari.HikariDataSource [main] HikariPool-1 - Starting...
2022-09-23 11:23:11,772 INFO com.zaxxer.hikari.HikariDataSource [main] HikariPool-1 - Start completed.
2022-09-23 11:23:11,805 INFO org.hibernate.dialect.Dialect [main] HHH000400: Using dialect: org.hibernate.dialect.MySQL5InnoDBDialect
2022-09-23 11:23:12,830 INFO org.hibernate.engine.transaction.jta.platform.internal.JtaPlatformInitiator [main] HHH000490: Using JtaPlatform implementation: [org.hibernate.engine.transaction.jta.platform.internal.NoJtaPlatform]
2022-09-23 11:23:12,839 INFO org.springframework.orm.jpa.AbstractEntityManagerFactoryBean [main] Initialized JPA EntityManagerFactory for persistence unit 'default'
2022-09-23 11:23:13,712 WARN org.springframework.boot.autoconfigure.orm.jpa.JpaBaseConfiguration$JpaWebConfiguration [main] spring.jpa.open-in-view is enabled by default. Therefore, database queries may be performed during view rendering. Explicitly configure spring.jpa.open-in-view to disable this warning
2022-09-23 11:23:14,868 INFO org.apache.juli.logging.DirectJDKLog [main] Starting ProtocolHandler ["http-nio-8889"]
2022-09-23 11:23:14,960 INFO org.springframework.boot.web.embedded.tomcat.TomcatWebServer [main] Tomcat started on port(s): 8889 (http) with context path ''
2022-09-23 11:23:15,640 INFO org.apache.camel.impl.engine.AbstractCamelContext [main] Apache Camel 3.18.0 (camel-1) is starting
2022-09-23 11:23:19,975 INFO org.apache.camel.impl.engine.AbstractCamelContext [main] Routes startup (started:2)
2022-09-23 11:23:19,976 INFO org.apache.camel.impl.engine.AbstractCamelContext [main]     Started route1 (activemq://CompanyQueue)
2022-09-23 11:23:19,976 INFO org.apache.camel.impl.engine.AbstractCamelContext [main]     Started route2 (activemq://EmployeeQueue)
2022-09-23 11:23:19,976 INFO org.apache.camel.impl.engine.AbstractCamelContext [main] Apache Camel 3.18.0 (camel-1) started in 4s964ms (build:86ms init:543ms start:4s335ms)
2022-09-23 11:23:19,981 INFO org.springframework.boot.StartupInfoLogger [main] Started DemoProjectApplication in 13.475 seconds (JVM running for 14.759)
2022-09-23 11:23:24,990 ERROR org.springframework.jms.listener.DefaultMessageListenerContainer [Camel (camel-1) thread #1 - JmsConsumer[CompanyQueue]] Could not refresh JMS Connection for destination 'CompanyQueue' - retrying using FixedBackOff{interval=5000, currentAttempts=0, maxAttempts=unlimited}. Cause: Could not connect to broker URL: tcp://localhost:61616. Reason: java.net.ConnectException: Connection refused: connect
2022-09-23 11:23:27,037 ERROR org.springframework.jms.listener.DefaultMessageListenerContainer [Camel (camel-1) thread #2 - JmsConsumer[EmployeeQueue]] Could not refresh JMS Connection for destination 'EmployeeQueue' - retrying using FixedBackOff{interval=5000, currentAttempts=0, maxAttempts=unlimited}. Cause: Could not connect to broker URL: tcp://localhost:61616. Reason: java.net.ConnectException: Connection refused: connect
2022-09-23 11:23:32,052 ERROR org.springframework.jms.listener.DefaultMessageListenerContainer [Camel (camel-1) thread #1 - JmsConsumer[CompanyQueue]] Could not refresh JMS Connection for destination 'CompanyQueue' - retrying using FixedBackOff{interval=5000, currentAttempts=1, maxAttempts=unlimited}. Cause: Could not connect to broker URL: tcp://localhost:61616. Reason: java.net.ConnectException: Connection refused: connect
2022-09-23 11:23:34,090 ERROR org.springframework.jms.listener.DefaultMessageListenerContainer [Camel (camel-1) thread #2 - JmsConsumer[EmployeeQueue]] Could not refresh JMS Connection for destination 'EmployeeQueue' - retrying using FixedBackOff{interval=5000, currentAttempts=1, maxAttempts=unlimited}. Cause: Could not connect to broker URL: tcp://localhost:61616. Reason: java.net.ConnectException: Connection refused: connect
2022-09-23 11:23:39,114 ERROR org.springframework.jms.listener.DefaultMessageListenerContainer [Camel (camel-1) thread #1 - JmsConsumer[CompanyQueue]] Could not refresh JMS Connection for destination 'CompanyQueue' - retrying using FixedBackOff{interval=5000, currentAttempts=2, maxAttempts=unlimited}. Cause: Could not connect to broker URL: tcp://localhost:61616. Reason: java.net.ConnectException: Connection refused: connect
2022-09-23 11:23:41,145 ERROR org.springframework.jms.listener.DefaultMessageListenerContainer [Camel (camel-1) thread #2 - JmsConsumer[EmployeeQueue]] Could not refresh JMS Connection for destination 'EmployeeQueue' - retrying using FixedBackOff{interval=5000, currentAttempts=2, maxAttempts=unlimited}. Cause: Could not connect to broker URL: tcp://localhost:61616. Reason: java.net.ConnectException: Connection refused: connect
2022-09-23 11:23:46,171 ERROR org.springframework.jms.listener.DefaultMessageListenerContainer [Camel (camel-1) thread #1 - JmsConsumer[CompanyQueue]] Could not refresh JMS Connection for destination 'CompanyQueue' - retrying using FixedBackOff{interval=5000, currentAttempts=3, maxAttempts=unlimited}. Cause: Could not connect to broker URL: tcp://localhost:61616. Reason: java.net.ConnectException: Connection refused: connect
2022-09-23 11:23:48,207 ERROR org.springframework.jms.listener.DefaultMessageListenerContainer [Camel (camel-1) thread #2 - JmsConsumer[EmployeeQueue]] Could not refresh JMS Connection for destination 'EmployeeQueue' - retrying using FixedBackOff{interval=5000, currentAttempts=3, maxAttempts=unlimited}. Cause: Could not connect to broker URL: tcp://localhost:61616. Reason: java.net.ConnectException: Connection refused: connect
2022-09-23 11:23:53,207 ERROR org.springframework.jms.listener.DefaultMessageListenerContainer [Camel (camel-1) thread #1 - JmsConsumer[CompanyQueue]] Could not refresh JMS Connection for destination 'CompanyQueue' - retrying using FixedBackOff{interval=5000, currentAttempts=4, maxAttempts=unlimited}. Cause: Could not connect to broker URL: tcp://localhost:61616. Reason: java.net.ConnectException: Connection refused: connect
2022-09-23 11:23:55,251 ERROR org.springframework.jms.listener.DefaultMessageListenerContainer [Camel (camel-1) thread #2 - JmsConsumer[EmployeeQueue]] Could not refresh JMS Connection for destination 'EmployeeQueue' - retrying using FixedBackOff{interval=5000, currentAttempts=4, maxAttempts=unlimited}. Cause: Could not connect to broker URL: tcp://localhost:61616. Reason: java.net.ConnectException: Connection refused: connect
2022-09-23 11:24:00,268 ERROR org.springframework.jms.listener.DefaultMessageListenerContainer [Camel (camel-1) thread #1 - JmsConsumer[CompanyQueue]] Could not refresh JMS Connection for destination 'CompanyQueue' - retrying using FixedBackOff{interval=5000, currentAttempts=5, maxAttempts=unlimited}. Cause: Could not connect to broker URL: tcp://localhost:61616. Reason: java.net.ConnectException: Connection refused: connect
2022-09-23 11:24:02,298 ERROR org.springframework.jms.listener.DefaultMessageListenerContainer [Camel (camel-1) thread #2 - JmsConsumer[EmployeeQueue]] Could not refresh JMS Connection for destination 'EmployeeQueue' - retrying using FixedBackOff{interval=5000, currentAttempts=5, maxAttempts=unlimited}. Cause: Could not connect to broker URL: tcp://localhost:61616. Reason: java.net.ConnectException: Connection refused: connect
2022-09-23 11:24:07,324 ERROR org.springframework.jms.listener.DefaultMessageListenerContainer [Camel (camel-1) thread #1 - JmsConsumer[CompanyQueue]] Could not refresh JMS Connection for destination 'CompanyQueue' - retrying using FixedBackOff{interval=5000, currentAttempts=6, maxAttempts=unlimited}. Cause: Could not connect to broker URL: tcp://localhost:61616. Reason: java.net.ConnectException: Connection refused: connect
2022-09-23 11:24:09,374 ERROR org.springframework.jms.listener.DefaultMessageListenerContainer [Camel (camel-1) thread #2 - JmsConsumer[EmployeeQueue]] Could not refresh JMS Connection for destination 'EmployeeQueue' - retrying using FixedBackOff{interval=5000, currentAttempts=6, maxAttempts=unlimited}. Cause: Could not connect to broker URL: tcp://localhost:61616. Reason: java.net.ConnectException: Connection refused: connect
2022-09-23 11:24:14,384 ERROR org.springframework.jms.listener.DefaultMessageListenerContainer [Camel (camel-1) thread #1 - JmsConsumer[CompanyQueue]] Could not refresh JMS Connection for destination 'CompanyQueue' - retrying using FixedBackOff{interval=5000, currentAttempts=7, maxAttempts=unlimited}. Cause: Could not connect to broker URL: tcp://localhost:61616. Reason: java.net.ConnectException: Connection refused: connect
2022-09-23 11:24:16,418 ERROR org.springframework.jms.listener.DefaultMessageListenerContainer [Camel (camel-1) thread #2 - JmsConsumer[EmployeeQueue]] Could not refresh JMS Connection for destination 'EmployeeQueue' - retrying using FixedBackOff{interval=5000, currentAttempts=7, maxAttempts=unlimited}. Cause: Could not connect to broker URL: tcp://localhost:61616. Reason: java.net.ConnectException: Connection refused: connect
2022-09-23 11:24:21,435 ERROR org.springframework.jms.listener.DefaultMessageListenerContainer [Camel (camel-1) thread #1 - JmsConsumer[CompanyQueue]] Could not refresh JMS Connection for destination 'CompanyQueue' - retrying using FixedBackOff{interval=5000, currentAttempts=8, maxAttempts=unlimited}. Cause: Could not connect to broker URL: tcp://localhost:61616. Reason: java.net.ConnectException: Connection refused: connect
2022-09-23 11:24:23,487 ERROR org.springframework.jms.listener.DefaultMessageListenerContainer [Camel (camel-1) thread #2 - JmsConsumer[EmployeeQueue]] Could not refresh JMS Connection for destination 'EmployeeQueue' - retrying using FixedBackOff{interval=5000, currentAttempts=8, maxAttempts=unlimited}. Cause: Could not connect to broker URL: tcp://localhost:61616. Reason: java.net.ConnectException: Connection refused: connect
2022-09-23 11:24:28,495 ERROR org.springframework.jms.listener.DefaultMessageListenerContainer [Camel (camel-1) thread #1 - JmsConsumer[CompanyQueue]] Could not refresh JMS Connection for destination 'CompanyQueue' - retrying using FixedBackOff{interval=5000, currentAttempts=9, maxAttempts=unlimited}. Cause: Could not connect to broker URL: tcp://localhost:61616. Reason: java.net.ConnectException: Connection refused: connect
2022-09-23 11:24:30,528 ERROR org.springframework.jms.listener.DefaultMessageListenerContainer [Camel (camel-1) thread #2 - JmsConsumer[EmployeeQueue]] Could not refresh JMS Connection for destination 'EmployeeQueue' - retrying using FixedBackOff{interval=5000, currentAttempts=9, maxAttempts=unlimited}. Cause: Could not connect to broker URL: tcp://localhost:61616. Reason: java.net.ConnectException: Connection refused: connect
2022-09-23 11:24:35,535 ERROR org.springframework.jms.listener.DefaultMessageListenerContainer [Camel (camel-1) thread #1 - JmsConsumer[CompanyQueue]] Could not refresh JMS Connection for destination 'CompanyQueue' - retrying using FixedBackOff{interval=5000, currentAttempts=10, maxAttempts=unlimited}. Cause: Could not connect to broker URL: tcp://localhost:61616. Reason: java.net.ConnectException: Connection refused: connect
2022-09-23 11:24:37,580 ERROR org.springframework.jms.listener.DefaultMessageListenerContainer [Camel (camel-1) thread #2 - JmsConsumer[EmployeeQueue]] Could not refresh JMS Connection for destination 'EmployeeQueue' - retrying using FixedBackOff{interval=5000, currentAttempts=10, maxAttempts=unlimited}. Cause: Could not connect to broker URL: tcp://localhost:61616. Reason: java.net.ConnectException: Connection refused: connect
2022-09-23 11:24:42,588 ERROR org.springframework.jms.listener.DefaultMessageListenerContainer [Camel (camel-1) thread #1 - JmsConsumer[CompanyQueue]] Could not refresh JMS Connection for destination 'CompanyQueue' - retrying using FixedBackOff{interval=5000, currentAttempts=11, maxAttempts=unlimited}. Cause: Could not connect to broker URL: tcp://localhost:61616. Reason: java.net.ConnectException: Connection refused: connect
2022-09-23 11:24:44,628 ERROR org.springframework.jms.listener.DefaultMessageListenerContainer [Camel (camel-1) thread #2 - JmsConsumer[EmployeeQueue]] Could not refresh JMS Connection for destination 'EmployeeQueue' - retrying using FixedBackOff{interval=5000, currentAttempts=11, maxAttempts=unlimited}. Cause: Could not connect to broker URL: tcp://localhost:61616. Reason: java.net.ConnectException: Connection refused: connect
2022-09-23 11:24:49,622 ERROR org.springframework.jms.listener.DefaultMessageListenerContainer [Camel (camel-1) thread #1 - JmsConsumer[CompanyQueue]] Could not refresh JMS Connection for destination 'CompanyQueue' - retrying using FixedBackOff{interval=5000, currentAttempts=12, maxAttempts=unlimited}. Cause: Could not connect to broker URL: tcp://localhost:61616. Reason: java.net.ConnectException: Connection refused: connect
2022-09-23 11:24:51,683 ERROR org.springframework.jms.listener.DefaultMessageListenerContainer [Camel (camel-1) thread #2 - JmsConsumer[EmployeeQueue]] Could not refresh JMS Connection for destination 'EmployeeQueue' - retrying using FixedBackOff{interval=5000, currentAttempts=12, maxAttempts=unlimited}. Cause: Could not connect to broker URL: tcp://localhost:61616. Reason: java.net.ConnectException: Connection refused: connect
2022-09-23 11:24:56,676 ERROR org.springframework.jms.listener.DefaultMessageListenerContainer [Camel (camel-1) thread #1 - JmsConsumer[CompanyQueue]] Could not refresh JMS Connection for destination 'CompanyQueue' - retrying using FixedBackOff{interval=5000, currentAttempts=13, maxAttempts=unlimited}. Cause: Could not connect to broker URL: tcp://localhost:61616. Reason: java.net.ConnectException: Connection refused: connect
2022-09-23 11:24:58,732 ERROR org.springframework.jms.listener.DefaultMessageListenerContainer [Camel (camel-1) thread #2 - JmsConsumer[EmployeeQueue]] Could not refresh JMS Connection for destination 'EmployeeQueue' - retrying using FixedBackOff{interval=5000, currentAttempts=13, maxAttempts=unlimited}. Cause: Could not connect to broker URL: tcp://localhost:61616. Reason: java.net.ConnectException: Connection refused: connect
2022-09-23 11:25:03,723 ERROR org.springframework.jms.listener.DefaultMessageListenerContainer [Camel (camel-1) thread #1 - JmsConsumer[CompanyQueue]] Could not refresh JMS Connection for destination 'CompanyQueue' - retrying using FixedBackOff{interval=5000, currentAttempts=14, maxAttempts=unlimited}. Cause: Could not connect to broker URL: tcp://localhost:61616. Reason: java.net.ConnectException: Connection refused: connect
2022-09-23 11:25:05,785 ERROR org.springframework.jms.listener.DefaultMessageListenerContainer [Camel (camel-1) thread #2 - JmsConsumer[EmployeeQueue]] Could not refresh JMS Connection for destination 'EmployeeQueue' - retrying using FixedBackOff{interval=5000, currentAttempts=14, maxAttempts=unlimited}. Cause: Could not connect to broker URL: tcp://localhost:61616. Reason: java.net.ConnectException: Connection refused: connect
2022-09-23 11:26:15,490 INFO org.hibernate.validator.internal.util.Version [background-preinit] HV000001: Hibernate Validator 6.2.4.Final
2022-09-23 11:26:15,496 INFO org.springframework.boot.StartupInfoLogger [main] Starting DemoProjectApplication using Java 11.0.13 on MUM-LAP-1566 with PID 24512 (C:\Projects\demoProject\build\classes\java\main started by darshana.shingade in C:\Projects\demoProject)
2022-09-23 11:26:15,498 INFO org.springframework.boot.SpringApplication [main] The following 1 profile is active: "dev"
2022-09-23 11:26:16,857 INFO org.springframework.data.repository.config.RepositoryConfigurationDelegate [main] Bootstrapping Spring Data JPA repositories in DEFAULT mode.
2022-09-23 11:26:16,938 INFO org.springframework.data.repository.config.RepositoryConfigurationDelegate [main] Finished Spring Data repository scanning in 68 ms. Found 2 JPA repository interfaces.
2022-09-23 11:26:18,041 INFO org.springframework.boot.web.embedded.tomcat.TomcatWebServer [main] Tomcat initialized with port(s): 8889 (http)
2022-09-23 11:26:18,055 INFO org.apache.juli.logging.DirectJDKLog [main] Initializing ProtocolHandler ["http-nio-8889"]
2022-09-23 11:26:18,056 INFO org.apache.juli.logging.DirectJDKLog [main] Starting service [Tomcat]
2022-09-23 11:26:18,057 INFO org.apache.juli.logging.DirectJDKLog [main] Starting Servlet engine: [Apache Tomcat/9.0.65]
2022-09-23 11:26:18,537 INFO org.apache.juli.logging.DirectJDKLog [main] Initializing Spring embedded WebApplicationContext
2022-09-23 11:26:18,537 INFO org.springframework.boot.web.servlet.context.ServletWebServerApplicationContext [main] Root WebApplicationContext: initialization completed in 2947 ms
2022-09-23 11:26:18,845 INFO org.hibernate.jpa.internal.util.LogHelper [main] HHH000204: Processing PersistenceUnitInfo [name: default]
2022-09-23 11:26:18,943 INFO org.hibernate.Version [main] HHH000412: Hibernate ORM core version 5.6.10.Final
2022-09-23 11:26:19,219 INFO org.hibernate.annotations.common.reflection.java.JavaReflectionManager [main] HCANN000001: Hibernate Commons Annotations {5.1.2.Final}
2022-09-23 11:26:19,363 INFO com.zaxxer.hikari.HikariDataSource [main] HikariPool-1 - Starting...
2022-09-23 11:26:19,817 INFO com.zaxxer.hikari.HikariDataSource [main] HikariPool-1 - Start completed.
2022-09-23 11:26:19,838 INFO org.hibernate.dialect.Dialect [main] HHH000400: Using dialect: org.hibernate.dialect.MySQL5InnoDBDialect
2022-09-23 11:26:20,808 INFO org.hibernate.engine.transaction.jta.platform.internal.JtaPlatformInitiator [main] HHH000490: Using JtaPlatform implementation: [org.hibernate.engine.transaction.jta.platform.internal.NoJtaPlatform]
2022-09-23 11:26:20,819 INFO org.springframework.orm.jpa.AbstractEntityManagerFactoryBean [main] Initialized JPA EntityManagerFactory for persistence unit 'default'
2022-09-23 11:26:21,664 WARN org.springframework.boot.autoconfigure.orm.jpa.JpaBaseConfiguration$JpaWebConfiguration [main] spring.jpa.open-in-view is enabled by default. Therefore, database queries may be performed during view rendering. Explicitly configure spring.jpa.open-in-view to disable this warning
2022-09-23 11:26:22,382 INFO org.apache.juli.logging.DirectJDKLog [main] Starting ProtocolHandler ["http-nio-8889"]
2022-09-23 11:26:22,446 INFO org.springframework.boot.web.embedded.tomcat.TomcatWebServer [main] Tomcat started on port(s): 8889 (http) with context path ''
2022-09-23 11:26:22,855 INFO org.apache.camel.impl.engine.AbstractCamelContext [main] Apache Camel 3.18.0 (camel-1) is starting
2022-09-23 11:26:23,154 INFO org.apache.camel.impl.engine.AbstractCamelContext [main] Routes startup (started:2)
2022-09-23 11:26:23,155 INFO org.apache.camel.impl.engine.AbstractCamelContext [main]     Started route1 (activemq://CompanyQueue)
2022-09-23 11:26:23,155 INFO org.apache.camel.impl.engine.AbstractCamelContext [main]     Started route2 (activemq://EmployeeQueue)
2022-09-23 11:26:23,156 INFO org.apache.camel.impl.engine.AbstractCamelContext [main] Apache Camel 3.18.0 (camel-1) started in 693ms (build:75ms init:318ms start:300ms)
2022-09-23 11:26:23,164 INFO org.springframework.boot.StartupInfoLogger [main] Started DemoProjectApplication in 8.436 seconds (JVM running for 9.68)
2022-09-23 15:34:38,676 INFO org.apache.juli.logging.DirectJDKLog [http-nio-8889-exec-1] Initializing Spring DispatcherServlet 'dispatcherServlet'
2022-09-23 15:34:38,679 INFO org.springframework.web.servlet.FrameworkServlet [http-nio-8889-exec-1] Initializing Servlet 'dispatcherServlet'
2022-09-23 15:34:38,701 INFO org.springframework.web.servlet.FrameworkServlet [http-nio-8889-exec-1] Completed initialization in 22 ms
