2022-09-22 15:25:11,795 INFO org.hibernate.validator.internal.util.Version [background-preinit] HV000001: Hibernate Validator 6.2.4.Final
2022-09-22 15:25:11,797 INFO org.springframework.boot.StartupInfoLogger [main] Starting DemoProjectApplication using Java 11.0.13 on MUM-LAP-1566 with PID 25848 (C:\Projects\demoProject\build\classes\java\main started by darshana.shingade in C:\Projects\demoProject)
2022-09-22 15:25:11,807 INFO org.springframework.boot.SpringApplication [main] The following 1 profile is active: "dev"
2022-09-22 15:25:13,505 INFO org.springframework.data.repository.config.RepositoryConfigurationDelegate [main] Bootstrapping Spring Data JPA repositories in DEFAULT mode.
2022-09-22 15:25:13,592 INFO org.springframework.data.repository.config.RepositoryConfigurationDelegate [main] Finished Spring Data repository scanning in 73 ms. Found 2 JPA repository interfaces.
2022-09-22 15:25:15,133 INFO org.springframework.boot.web.embedded.tomcat.TomcatWebServer [main] Tomcat initialized with port(s): 8889 (http)
2022-09-22 15:25:15,149 INFO org.apache.juli.logging.DirectJDKLog [main] Initializing ProtocolHandler ["http-nio-8889"]
2022-09-22 15:25:15,150 INFO org.apache.juli.logging.DirectJDKLog [main] Starting service [Tomcat]
2022-09-22 15:25:15,150 INFO org.apache.juli.logging.DirectJDKLog [main] Starting Servlet engine: [Apache Tomcat/9.0.65]
2022-09-22 15:25:15,660 INFO org.apache.juli.logging.DirectJDKLog [main] Initializing Spring embedded WebApplicationContext
2022-09-22 15:25:15,660 INFO org.springframework.boot.web.servlet.context.ServletWebServerApplicationContext [main] Root WebApplicationContext: initialization completed in 3743 ms
2022-09-22 15:25:15,927 INFO org.hibernate.jpa.internal.util.LogHelper [main] HHH000204: Processing PersistenceUnitInfo [name: default]
2022-09-22 15:25:16,094 INFO org.hibernate.Version [main] HHH000412: Hibernate ORM core version 5.6.10.Final
2022-09-22 15:25:16,441 INFO org.hibernate.annotations.common.reflection.java.JavaReflectionManager [main] HCANN000001: Hibernate Commons Annotations {5.1.2.Final}
2022-09-22 15:25:16,602 INFO com.zaxxer.hikari.HikariDataSource [main] HikariPool-1 - Starting...
2022-09-22 15:25:17,074 INFO com.zaxxer.hikari.HikariDataSource [main] HikariPool-1 - Start completed.
2022-09-22 15:25:17,097 INFO org.hibernate.dialect.Dialect [main] HHH000400: Using dialect: org.hibernate.dialect.MySQL5InnoDBDialect
2022-09-22 15:25:18,623 INFO org.hibernate.engine.transaction.jta.platform.internal.JtaPlatformInitiator [main] HHH000490: Using JtaPlatform implementation: [org.hibernate.engine.transaction.jta.platform.internal.NoJtaPlatform]
2022-09-22 15:25:18,637 INFO org.springframework.orm.jpa.AbstractEntityManagerFactoryBean [main] Initialized JPA EntityManagerFactory for persistence unit 'default'
2022-09-22 15:25:19,653 WARN org.springframework.boot.autoconfigure.orm.jpa.JpaBaseConfiguration$JpaWebConfiguration [main] spring.jpa.open-in-view is enabled by default. Therefore, database queries may be performed during view rendering. Explicitly configure spring.jpa.open-in-view to disable this warning
2022-09-22 15:25:20,440 INFO org.apache.juli.logging.DirectJDKLog [main] Starting ProtocolHandler ["http-nio-8889"]
2022-09-22 15:25:20,448 WARN org.springframework.context.support.AbstractApplicationContext [main] Exception encountered during context initialization - cancelling refresh attempt: org.springframework.context.ApplicationContextException: Failed to start bean 'webServerStartStop'; nested exception is org.springframework.boot.web.server.PortInUseException: Port 8889 is already in use
2022-09-22 15:25:20,452 INFO org.springframework.orm.jpa.AbstractEntityManagerFactoryBean [main] Closing JPA EntityManagerFactory for persistence unit 'default'
2022-09-22 15:25:20,455 INFO com.zaxxer.hikari.HikariDataSource [main] HikariPool-1 - Shutdown initiated...
2022-09-22 15:25:20,473 INFO com.zaxxer.hikari.HikariDataSource [main] HikariPool-1 - Shutdown completed.
2022-09-22 15:25:20,476 INFO org.apache.juli.logging.DirectJDKLog [main] Pausing ProtocolHandler ["http-nio-8889"]
2022-09-22 15:25:20,477 INFO org.apache.juli.logging.DirectJDKLog [main] Stopping service [Tomcat]
2022-09-22 15:25:20,481 INFO org.apache.juli.logging.DirectJDKLog [main] Stopping ProtocolHandler ["http-nio-8889"]
2022-09-22 15:25:20,482 INFO org.apache.juli.logging.DirectJDKLog [main] Destroying ProtocolHandler ["http-nio-8889"]
2022-09-22 15:25:20,492 INFO org.springframework.boot.autoconfigure.logging.ConditionEvaluationReportLoggingListener [main] 

Error starting ApplicationContext. To display the conditions report re-run your application with 'debug' enabled.
2022-09-22 15:25:20,527 ERROR org.springframework.boot.diagnostics.LoggingFailureAnalysisReporter [main] 

***************************
APPLICATION FAILED TO START
***************************

Description:

Web server failed to start. Port 8889 was already in use.

Action:

Identify and stop the process that's listening on port 8889 or configure this application to listen on another port.

2022-09-22 15:26:13,604 INFO org.hibernate.validator.internal.util.Version [background-preinit] HV000001: Hibernate Validator 6.2.4.Final
2022-09-22 15:26:13,614 INFO org.springframework.boot.StartupInfoLogger [main] Starting DemoProjectApplication using Java 11.0.13 on MUM-LAP-1566 with PID 24864 (C:\Projects\demoProject\build\classes\java\main started by darshana.shingade in C:\Projects\demoProject)
2022-09-22 15:26:13,617 INFO org.springframework.boot.SpringApplication [main] The following 1 profile is active: "dev"
2022-09-22 15:26:15,207 INFO org.springframework.data.repository.config.RepositoryConfigurationDelegate [main] Bootstrapping Spring Data JPA repositories in DEFAULT mode.
2022-09-22 15:26:15,294 INFO org.springframework.data.repository.config.RepositoryConfigurationDelegate [main] Finished Spring Data repository scanning in 75 ms. Found 2 JPA repository interfaces.
2022-09-22 15:26:16,741 INFO org.springframework.boot.web.embedded.tomcat.TomcatWebServer [main] Tomcat initialized with port(s): 8889 (http)
2022-09-22 15:26:16,754 INFO org.apache.juli.logging.DirectJDKLog [main] Initializing ProtocolHandler ["http-nio-8889"]
2022-09-22 15:26:16,754 INFO org.apache.juli.logging.DirectJDKLog [main] Starting service [Tomcat]
2022-09-22 15:26:16,755 INFO org.apache.juli.logging.DirectJDKLog [main] Starting Servlet engine: [Apache Tomcat/9.0.65]
2022-09-22 15:26:17,172 INFO org.apache.juli.logging.DirectJDKLog [main] Initializing Spring embedded WebApplicationContext
2022-09-22 15:26:17,173 INFO org.springframework.boot.web.servlet.context.ServletWebServerApplicationContext [main] Root WebApplicationContext: initialization completed in 3450 ms
2022-09-22 15:26:17,415 INFO org.hibernate.jpa.internal.util.LogHelper [main] HHH000204: Processing PersistenceUnitInfo [name: default]
2022-09-22 15:26:17,499 INFO org.hibernate.Version [main] HHH000412: Hibernate ORM core version 5.6.10.Final
2022-09-22 15:26:17,738 INFO org.hibernate.annotations.common.reflection.java.JavaReflectionManager [main] HCANN000001: Hibernate Commons Annotations {5.1.2.Final}
2022-09-22 15:26:17,973 INFO com.zaxxer.hikari.HikariDataSource [main] HikariPool-1 - Starting...
2022-09-22 15:26:18,420 INFO com.zaxxer.hikari.HikariDataSource [main] HikariPool-1 - Start completed.
2022-09-22 15:26:18,440 INFO org.hibernate.dialect.Dialect [main] HHH000400: Using dialect: org.hibernate.dialect.MySQL5InnoDBDialect
2022-09-22 15:26:19,398 INFO org.hibernate.engine.transaction.jta.platform.internal.JtaPlatformInitiator [main] HHH000490: Using JtaPlatform implementation: [org.hibernate.engine.transaction.jta.platform.internal.NoJtaPlatform]
2022-09-22 15:26:19,407 INFO org.springframework.orm.jpa.AbstractEntityManagerFactoryBean [main] Initialized JPA EntityManagerFactory for persistence unit 'default'
2022-09-22 15:26:20,180 WARN org.springframework.boot.autoconfigure.orm.jpa.JpaBaseConfiguration$JpaWebConfiguration [main] spring.jpa.open-in-view is enabled by default. Therefore, database queries may be performed during view rendering. Explicitly configure spring.jpa.open-in-view to disable this warning
2022-09-22 15:26:20,915 INFO org.apache.juli.logging.DirectJDKLog [main] Starting ProtocolHandler ["http-nio-8889"]
2022-09-22 15:26:20,990 INFO org.springframework.boot.web.embedded.tomcat.TomcatWebServer [main] Tomcat started on port(s): 8889 (http) with context path ''
2022-09-22 15:26:21,364 INFO org.apache.camel.impl.engine.AbstractCamelContext [main] Apache Camel 3.18.0 (camel-1) is starting
2022-09-22 15:26:21,672 INFO org.apache.camel.impl.engine.AbstractCamelContext [main] Routes startup (started:2)
2022-09-22 15:26:21,672 INFO org.apache.camel.impl.engine.AbstractCamelContext [main]     Started route1 (activemq://CompanyQueue)
2022-09-22 15:26:21,673 INFO org.apache.camel.impl.engine.AbstractCamelContext [main]     Started route2 (activemq://EmployeeQueue)
2022-09-22 15:26:21,673 INFO org.apache.camel.impl.engine.AbstractCamelContext [main] Apache Camel 3.18.0 (camel-1) started in 666ms (build:77ms init:280ms start:309ms)
2022-09-22 15:26:21,679 INFO org.springframework.boot.StartupInfoLogger [main] Started DemoProjectApplication in 8.858 seconds (JVM running for 10.053)
2022-09-22 15:28:33,839 INFO org.apache.juli.logging.DirectJDKLog [http-nio-8889-exec-2] Initializing Spring DispatcherServlet 'dispatcherServlet'
2022-09-22 15:28:33,840 INFO org.springframework.web.servlet.FrameworkServlet [http-nio-8889-exec-2] Initializing Servlet 'dispatcherServlet'
2022-09-22 15:28:33,844 INFO org.springframework.web.servlet.FrameworkServlet [http-nio-8889-exec-2] Completed initialization in 3 ms
2022-09-22 15:28:34,183 INFO com.example.demoProject.services.EmployeeServices [http-nio-8889-exec-2] Get details of all employee
2022-09-22 15:33:29,706 INFO com.example.demoProject.services.EmployeeServices [http-nio-8889-exec-5] Get details of all employee
2022-09-22 18:08:30,825 INFO org.springframework.boot.StartupInfoLogger [main] Starting DemoProjectApplication using Java 11.0.13 on MUM-LAP-1566 with PID 11992 (C:\Projects\demoProject\build\classes\java\main started by darshana.shingade in C:\Projects\demoProject)
2022-09-22 18:08:30,825 INFO org.hibernate.validator.internal.util.Version [background-preinit] HV000001: Hibernate Validator 6.2.4.Final
2022-09-22 18:08:30,832 INFO org.springframework.boot.SpringApplication [main] The following 1 profile is active: "dev"
2022-09-22 18:08:32,479 INFO org.springframework.data.repository.config.RepositoryConfigurationDelegate [main] Bootstrapping Spring Data JPA repositories in DEFAULT mode.
2022-09-22 18:08:32,577 INFO org.springframework.data.repository.config.RepositoryConfigurationDelegate [main] Finished Spring Data repository scanning in 83 ms. Found 2 JPA repository interfaces.
2022-09-22 18:08:34,399 INFO org.springframework.boot.web.embedded.tomcat.TomcatWebServer [main] Tomcat initialized with port(s): 8889 (http)
2022-09-22 18:08:34,425 INFO org.apache.juli.logging.DirectJDKLog [main] Initializing ProtocolHandler ["http-nio-8889"]
2022-09-22 18:08:34,427 INFO org.apache.juli.logging.DirectJDKLog [main] Starting service [Tomcat]
2022-09-22 18:08:34,428 INFO org.apache.juli.logging.DirectJDKLog [main] Starting Servlet engine: [Apache Tomcat/9.0.65]
2022-09-22 18:08:34,926 INFO org.apache.juli.logging.DirectJDKLog [main] Initializing Spring embedded WebApplicationContext
2022-09-22 18:08:34,926 INFO org.springframework.boot.web.servlet.context.ServletWebServerApplicationContext [main] Root WebApplicationContext: initialization completed in 3990 ms
2022-09-22 18:08:35,167 INFO org.hibernate.jpa.internal.util.LogHelper [main] HHH000204: Processing PersistenceUnitInfo [name: default]
2022-09-22 18:08:35,264 INFO org.hibernate.Version [main] HHH000412: Hibernate ORM core version 5.6.10.Final
2022-09-22 18:08:35,727 INFO org.hibernate.annotations.common.reflection.java.JavaReflectionManager [main] HCANN000001: Hibernate Commons Annotations {5.1.2.Final}
2022-09-22 18:08:35,932 INFO com.zaxxer.hikari.HikariDataSource [main] HikariPool-1 - Starting...
2022-09-22 18:08:36,518 INFO com.zaxxer.hikari.HikariDataSource [main] HikariPool-1 - Start completed.
2022-09-22 18:08:36,551 INFO org.hibernate.dialect.Dialect [main] HHH000400: Using dialect: org.hibernate.dialect.MySQL5InnoDBDialect
2022-09-22 18:08:37,597 INFO org.hibernate.engine.transaction.jta.platform.internal.JtaPlatformInitiator [main] HHH000490: Using JtaPlatform implementation: [org.hibernate.engine.transaction.jta.platform.internal.NoJtaPlatform]
2022-09-22 18:08:37,606 INFO org.springframework.orm.jpa.AbstractEntityManagerFactoryBean [main] Initialized JPA EntityManagerFactory for persistence unit 'default'
2022-09-22 18:08:38,416 WARN org.springframework.boot.autoconfigure.orm.jpa.JpaBaseConfiguration$JpaWebConfiguration [main] spring.jpa.open-in-view is enabled by default. Therefore, database queries may be performed during view rendering. Explicitly configure spring.jpa.open-in-view to disable this warning
2022-09-22 18:08:39,236 INFO org.apache.juli.logging.DirectJDKLog [main] Starting ProtocolHandler ["http-nio-8889"]
2022-09-22 18:08:39,309 INFO org.springframework.boot.web.embedded.tomcat.TomcatWebServer [main] Tomcat started on port(s): 8889 (http) with context path ''
2022-09-22 18:08:39,668 INFO org.apache.camel.impl.engine.AbstractCamelContext [main] Apache Camel 3.18.0 (camel-1) is starting
2022-09-22 18:08:39,931 INFO org.apache.camel.impl.engine.AbstractCamelContext [main] Routes startup (started:2)
2022-09-22 18:08:39,932 INFO org.apache.camel.impl.engine.AbstractCamelContext [main]     Started route1 (activemq://CompanyQueue)
2022-09-22 18:08:39,933 INFO org.apache.camel.impl.engine.AbstractCamelContext [main]     Started route2 (activemq://EmployeeQueue)
2022-09-22 18:08:39,933 INFO org.apache.camel.impl.engine.AbstractCamelContext [main] Apache Camel 3.18.0 (camel-1) started in 619ms (build:79ms init:275ms start:265ms)
2022-09-22 18:08:39,939 INFO org.springframework.boot.StartupInfoLogger [main] Started DemoProjectApplication in 10.912 seconds (JVM running for 12.422)
2022-09-22 18:08:45,381 INFO org.apache.juli.logging.DirectJDKLog [http-nio-8889-exec-2] Initializing Spring DispatcherServlet 'dispatcherServlet'
2022-09-22 18:08:45,382 INFO org.springframework.web.servlet.FrameworkServlet [http-nio-8889-exec-2] Initializing Servlet 'dispatcherServlet'
2022-09-22 18:08:45,383 INFO org.springframework.web.servlet.FrameworkServlet [http-nio-8889-exec-2] Completed initialization in 1 ms
2022-09-22 18:09:38,915 INFO com.example.demoProject.services.EmployeeServices [http-nio-8889-exec-3] Get details of all employee
2022-09-22 18:26:33,445 INFO com.example.demoProject.services.EmployeeServices [http-nio-8889-exec-5] Get details of all employee
2022-09-22 18:26:35,041 INFO com.example.demoProject.services.EmployeeServices [http-nio-8889-exec-6] Get details of all employee
