2022-09-26 11:44:16,174 INFO org.hibernate.validator.internal.util.Version [background-preinit] HV000001: Hibernate Validator 6.2.4.Final
2022-09-26 11:44:16,191 INFO org.springframework.boot.StartupInfoLogger [main] Starting DemoProjectApplication using Java 11.0.13 on MUM-LAP-1566 with PID 14448 (C:\Projects\demoProject\build\classes\java\main started by darshana.shingade in C:\Projects\demoProject)
2022-09-26 11:44:16,192 INFO org.springframework.boot.SpringApplication [main] The following 1 profile is active: "dev"
2022-09-26 11:44:17,664 INFO org.springframework.data.repository.config.RepositoryConfigurationDelegate [main] Bootstrapping Spring Data JPA repositories in DEFAULT mode.
2022-09-26 11:44:17,764 INFO org.springframework.data.repository.config.RepositoryConfigurationDelegate [main] Finished Spring Data repository scanning in 81 ms. Found 2 JPA repository interfaces.
2022-09-26 11:44:18,911 INFO org.springframework.boot.web.embedded.tomcat.TomcatWebServer [main] Tomcat initialized with port(s): 8889 (http)
2022-09-26 11:44:18,926 INFO org.apache.juli.logging.DirectJDKLog [main] Initializing ProtocolHandler ["http-nio-8889"]
2022-09-26 11:44:18,927 INFO org.apache.juli.logging.DirectJDKLog [main] Starting service [Tomcat]
2022-09-26 11:44:18,927 INFO org.apache.juli.logging.DirectJDKLog [main] Starting Servlet engine: [Apache Tomcat/9.0.65]
2022-09-26 11:44:19,416 INFO org.apache.juli.logging.DirectJDKLog [main] Initializing Spring embedded WebApplicationContext
2022-09-26 11:44:19,416 INFO org.springframework.boot.web.servlet.context.ServletWebServerApplicationContext [main] Root WebApplicationContext: initialization completed in 3142 ms
2022-09-26 11:44:19,660 INFO org.hibernate.jpa.internal.util.LogHelper [main] HHH000204: Processing PersistenceUnitInfo [name: default]
2022-09-26 11:44:19,760 INFO org.hibernate.Version [main] HHH000412: Hibernate ORM core version 5.6.10.Final
2022-09-26 11:44:20,085 INFO org.hibernate.annotations.common.reflection.java.JavaReflectionManager [main] HCANN000001: Hibernate Commons Annotations {5.1.2.Final}
2022-09-26 11:44:20,250 INFO com.zaxxer.hikari.HikariDataSource [main] HikariPool-1 - Starting...
2022-09-26 11:44:20,665 INFO com.zaxxer.hikari.HikariDataSource [main] HikariPool-1 - Start completed.
2022-09-26 11:44:20,695 INFO org.hibernate.dialect.Dialect [main] HHH000400: Using dialect: org.hibernate.dialect.MySQL5InnoDBDialect
2022-09-26 11:44:21,763 INFO org.hibernate.engine.transaction.jta.platform.internal.JtaPlatformInitiator [main] HHH000490: Using JtaPlatform implementation: [org.hibernate.engine.transaction.jta.platform.internal.NoJtaPlatform]
2022-09-26 11:44:21,773 INFO org.springframework.orm.jpa.AbstractEntityManagerFactoryBean [main] Initialized JPA EntityManagerFactory for persistence unit 'default'
2022-09-26 11:44:22,569 WARN org.springframework.boot.autoconfigure.orm.jpa.JpaBaseConfiguration$JpaWebConfiguration [main] spring.jpa.open-in-view is enabled by default. Therefore, database queries may be performed during view rendering. Explicitly configure spring.jpa.open-in-view to disable this warning
2022-09-26 11:44:23,289 INFO org.apache.juli.logging.DirectJDKLog [main] Starting ProtocolHandler ["http-nio-8889"]
2022-09-26 11:44:23,365 INFO org.springframework.boot.web.embedded.tomcat.TomcatWebServer [main] Tomcat started on port(s): 8889 (http) with context path ''
2022-09-26 11:44:23,704 INFO org.apache.camel.impl.engine.AbstractCamelContext [main] Apache Camel 3.18.0 (camel-1) is starting
2022-09-26 11:44:24,008 INFO org.apache.camel.impl.engine.AbstractCamelContext [main] Routes startup (started:2)
2022-09-26 11:44:24,008 INFO org.apache.camel.impl.engine.AbstractCamelContext [main]     Started route1 (activemq://CompanyQueue)
2022-09-26 11:44:24,009 INFO org.apache.camel.impl.engine.AbstractCamelContext [main]     Started route2 (activemq://EmployeeQueue)
2022-09-26 11:44:24,011 INFO org.apache.camel.impl.engine.AbstractCamelContext [main] Apache Camel 3.18.0 (camel-1) started in 652ms (build:88ms init:260ms start:304ms)
2022-09-26 11:44:24,019 INFO org.springframework.boot.StartupInfoLogger [main] Started DemoProjectApplication in 8.676 seconds (JVM running for 13.286)
2022-09-26 11:45:43,885 INFO org.apache.juli.logging.DirectJDKLog [http-nio-8889-exec-2] Initializing Spring DispatcherServlet 'dispatcherServlet'
2022-09-26 11:45:43,887 INFO org.springframework.web.servlet.FrameworkServlet [http-nio-8889-exec-2] Initializing Servlet 'dispatcherServlet'
2022-09-26 11:45:43,888 INFO org.springframework.web.servlet.FrameworkServlet [http-nio-8889-exec-2] Completed initialization in 1 ms
2022-09-26 12:47:35,275 INFO org.hibernate.validator.internal.util.Version [background-preinit] HV000001: Hibernate Validator 6.2.4.Final
2022-09-26 12:47:35,278 INFO org.springframework.boot.StartupInfoLogger [main] Starting DemoProjectApplication using Java 11.0.13 on MUM-LAP-1566 with PID 22156 (C:\Projects\demoProject\build\classes\java\main started by darshana.shingade in C:\Projects\demoProject)
2022-09-26 12:47:35,280 INFO org.springframework.boot.SpringApplication [main] The following 1 profile is active: "dev"
2022-09-26 12:47:36,438 INFO org.springframework.data.repository.config.RepositoryConfigurationDelegate [main] Bootstrapping Spring Data JPA repositories in DEFAULT mode.
2022-09-26 12:47:36,532 INFO org.springframework.data.repository.config.RepositoryConfigurationDelegate [main] Finished Spring Data repository scanning in 73 ms. Found 2 JPA repository interfaces.
2022-09-26 12:47:37,627 INFO org.springframework.boot.web.embedded.tomcat.TomcatWebServer [main] Tomcat initialized with port(s): 8889 (http)
2022-09-26 12:47:37,643 INFO org.apache.juli.logging.DirectJDKLog [main] Initializing ProtocolHandler ["http-nio-8889"]
2022-09-26 12:47:37,644 INFO org.apache.juli.logging.DirectJDKLog [main] Starting service [Tomcat]
2022-09-26 12:47:37,644 INFO org.apache.juli.logging.DirectJDKLog [main] Starting Servlet engine: [Apache Tomcat/9.0.65]
2022-09-26 12:47:38,096 INFO org.apache.juli.logging.DirectJDKLog [main] Initializing Spring embedded WebApplicationContext
2022-09-26 12:47:38,096 INFO org.springframework.boot.web.servlet.context.ServletWebServerApplicationContext [main] Root WebApplicationContext: initialization completed in 2738 ms
2022-09-26 12:47:38,305 INFO org.hibernate.jpa.internal.util.LogHelper [main] HHH000204: Processing PersistenceUnitInfo [name: default]
2022-09-26 12:47:38,428 INFO org.hibernate.Version [main] HHH000412: Hibernate ORM core version 5.6.10.Final
2022-09-26 12:47:38,694 INFO org.hibernate.annotations.common.reflection.java.JavaReflectionManager [main] HCANN000001: Hibernate Commons Annotations {5.1.2.Final}
2022-09-26 12:47:38,830 INFO com.zaxxer.hikari.HikariDataSource [main] HikariPool-1 - Starting...
2022-09-26 12:47:39,264 INFO com.zaxxer.hikari.HikariDataSource [main] HikariPool-1 - Start completed.
2022-09-26 12:47:39,293 INFO org.hibernate.dialect.Dialect [main] HHH000400: Using dialect: org.hibernate.dialect.MySQL5InnoDBDialect
2022-09-26 12:47:40,219 INFO org.hibernate.engine.transaction.jta.platform.internal.JtaPlatformInitiator [main] HHH000490: Using JtaPlatform implementation: [org.hibernate.engine.transaction.jta.platform.internal.NoJtaPlatform]
2022-09-26 12:47:40,228 INFO org.springframework.orm.jpa.AbstractEntityManagerFactoryBean [main] Initialized JPA EntityManagerFactory for persistence unit 'default'
2022-09-26 12:47:41,035 WARN org.springframework.boot.autoconfigure.orm.jpa.JpaBaseConfiguration$JpaWebConfiguration [main] spring.jpa.open-in-view is enabled by default. Therefore, database queries may be performed during view rendering. Explicitly configure spring.jpa.open-in-view to disable this warning
2022-09-26 12:47:41,791 INFO org.apache.juli.logging.DirectJDKLog [main] Starting ProtocolHandler ["http-nio-8889"]
2022-09-26 12:47:41,856 INFO org.springframework.boot.web.embedded.tomcat.TomcatWebServer [main] Tomcat started on port(s): 8889 (http) with context path ''
2022-09-26 12:47:42,185 INFO org.apache.camel.impl.engine.AbstractCamelContext [main] Apache Camel 3.18.0 (camel-1) is starting
2022-09-26 12:47:42,408 INFO org.apache.camel.impl.engine.AbstractCamelContext [main] Routes startup (started:2)
2022-09-26 12:47:42,408 INFO org.apache.camel.impl.engine.AbstractCamelContext [main]     Started route1 (activemq://CompanyQueue)
2022-09-26 12:47:42,409 INFO org.apache.camel.impl.engine.AbstractCamelContext [main]     Started route2 (activemq://EmployeeQueue)
2022-09-26 12:47:42,409 INFO org.apache.camel.impl.engine.AbstractCamelContext [main] Apache Camel 3.18.0 (camel-1) started in 545ms (build:67ms init:254ms start:224ms)
2022-09-26 12:47:42,413 INFO org.springframework.boot.StartupInfoLogger [main] Started DemoProjectApplication in 8.006 seconds (JVM running for 9.227)
2022-09-26 12:54:13,958 INFO org.apache.juli.logging.DirectJDKLog [http-nio-8889-exec-2] Initializing Spring DispatcherServlet 'dispatcherServlet'
2022-09-26 12:54:13,958 INFO org.springframework.web.servlet.FrameworkServlet [http-nio-8889-exec-2] Initializing Servlet 'dispatcherServlet'
2022-09-26 12:54:13,959 INFO org.springframework.web.servlet.FrameworkServlet [http-nio-8889-exec-2] Completed initialization in 1 ms
2022-09-26 12:54:13,979 ERROR org.apache.juli.logging.DirectJDKLog [http-nio-8889-exec-2] Servlet.service() for servlet [dispatcherServlet] in context with path [] threw exception [Request processing failed; nested exception is java.lang.IllegalStateException: Ambiguous handler methods mapped for '/employee/emp/Rohit': {public java.util.List com.example.demoProject.controller.EmployeeController.getDataByName(java.lang.String), public org.springframework.http.ResponseEntity com.example.demoProject.controller.EmployeeController.getDataById(int) throws com.fasterxml.jackson.core.JsonProcessingException}] with root cause
java.lang.IllegalStateException: Ambiguous handler methods mapped for '/employee/emp/Rohit': {public java.util.List com.example.demoProject.controller.EmployeeController.getDataByName(java.lang.String), public org.springframework.http.ResponseEntity com.example.demoProject.controller.EmployeeController.getDataById(int) throws com.fasterxml.jackson.core.JsonProcessingException}
	at org.springframework.web.servlet.handler.AbstractHandlerMethodMapping.lookupHandlerMethod(AbstractHandlerMethodMapping.java:432)
	at org.springframework.web.servlet.handler.AbstractHandlerMethodMapping.getHandlerInternal(AbstractHandlerMethodMapping.java:383)
	at org.springframework.web.servlet.mvc.method.RequestMappingInfoHandlerMapping.getHandlerInternal(RequestMappingInfoHandlerMapping.java:125)
	at org.springframework.web.servlet.mvc.method.RequestMappingInfoHandlerMapping.getHandlerInternal(RequestMappingInfoHandlerMapping.java:67)
	at org.springframework.web.servlet.handler.AbstractHandlerMapping.getHandler(AbstractHandlerMapping.java:498)
	at org.springframework.web.servlet.DispatcherServlet.getHandler(DispatcherServlet.java:1264)
	at org.springframework.web.servlet.DispatcherServlet.doDispatch(DispatcherServlet.java:1046)
	at org.springframework.web.servlet.DispatcherServlet.doService(DispatcherServlet.java:963)
	at org.springframework.web.servlet.FrameworkServlet.processRequest(FrameworkServlet.java:1006)
	at org.springframework.web.servlet.FrameworkServlet.doGet(FrameworkServlet.java:898)
	at javax.servlet.http.HttpServlet.service(HttpServlet.java:655)
	at org.springframework.web.servlet.FrameworkServlet.service(FrameworkServlet.java:883)
	at javax.servlet.http.HttpServlet.service(HttpServlet.java:764)
	at org.apache.catalina.core.ApplicationFilterChain.internalDoFilter(ApplicationFilterChain.java:227)
	at org.apache.catalina.core.ApplicationFilterChain.doFilter(ApplicationFilterChain.java:162)
	at org.apache.tomcat.websocket.server.WsFilter.doFilter(WsFilter.java:53)
	at org.apache.catalina.core.ApplicationFilterChain.internalDoFilter(ApplicationFilterChain.java:189)
	at org.apache.catalina.core.ApplicationFilterChain.doFilter(ApplicationFilterChain.java:162)
	at org.springframework.web.filter.RequestContextFilter.doFilterInternal(RequestContextFilter.java:100)
	at org.springframework.web.filter.OncePerRequestFilter.doFilter(OncePerRequestFilter.java:117)
	at org.apache.catalina.core.ApplicationFilterChain.internalDoFilter(ApplicationFilterChain.java:189)
	at org.apache.catalina.core.ApplicationFilterChain.doFilter(ApplicationFilterChain.java:162)
	at org.springframework.web.filter.FormContentFilter.doFilterInternal(FormContentFilter.java:93)
	at org.springframework.web.filter.OncePerRequestFilter.doFilter(OncePerRequestFilter.java:117)
	at org.apache.catalina.core.ApplicationFilterChain.internalDoFilter(ApplicationFilterChain.java:189)
	at org.apache.catalina.core.ApplicationFilterChain.doFilter(ApplicationFilterChain.java:162)
	at org.springframework.web.filter.CharacterEncodingFilter.doFilterInternal(CharacterEncodingFilter.java:201)
	at org.springframework.web.filter.OncePerRequestFilter.doFilter(OncePerRequestFilter.java:117)
	at org.apache.catalina.core.ApplicationFilterChain.internalDoFilter(ApplicationFilterChain.java:189)
	at org.apache.catalina.core.ApplicationFilterChain.doFilter(ApplicationFilterChain.java:162)
	at org.apache.catalina.core.StandardWrapperValve.invoke(StandardWrapperValve.java:197)
	at org.apache.catalina.core.StandardContextValve.invoke(StandardContextValve.java:97)
	at org.apache.catalina.authenticator.AuthenticatorBase.invoke(AuthenticatorBase.java:541)
	at org.apache.catalina.core.StandardHostValve.invoke(StandardHostValve.java:135)
	at org.apache.catalina.valves.ErrorReportValve.invoke(ErrorReportValve.java:92)
	at org.apache.catalina.core.StandardEngineValve.invoke(StandardEngineValve.java:78)
	at org.apache.catalina.connector.CoyoteAdapter.service(CoyoteAdapter.java:360)
	at org.apache.coyote.http11.Http11Processor.service(Http11Processor.java:399)
	at org.apache.coyote.AbstractProcessorLight.process(AbstractProcessorLight.java:65)
	at org.apache.coyote.AbstractProtocol$ConnectionHandler.process(AbstractProtocol.java:890)
	at org.apache.tomcat.util.net.NioEndpoint$SocketProcessor.doRun(NioEndpoint.java:1789)
	at org.apache.tomcat.util.net.SocketProcessorBase.run(SocketProcessorBase.java:49)
	at org.apache.tomcat.util.threads.ThreadPoolExecutor.runWorker(ThreadPoolExecutor.java:1191)
	at org.apache.tomcat.util.threads.ThreadPoolExecutor$Worker.run(ThreadPoolExecutor.java:659)
	at org.apache.tomcat.util.threads.TaskThread$WrappingRunnable.run(TaskThread.java:61)
	at java.base/java.lang.Thread.run(Thread.java:834)
2022-09-26 12:55:12,122 INFO org.springframework.boot.StartupInfoLogger [main] Starting DemoProjectApplication using Java 11.0.13 on MUM-LAP-1566 with PID 5400 (C:\Projects\demoProject\build\classes\java\main started by darshana.shingade in C:\Projects\demoProject)
2022-09-26 12:55:12,118 INFO org.hibernate.validator.internal.util.Version [background-preinit] HV000001: Hibernate Validator 6.2.4.Final
2022-09-26 12:55:12,126 INFO org.springframework.boot.SpringApplication [main] The following 1 profile is active: "dev"
2022-09-26 12:55:13,561 INFO org.springframework.data.repository.config.RepositoryConfigurationDelegate [main] Bootstrapping Spring Data JPA repositories in DEFAULT mode.
2022-09-26 12:55:13,678 INFO org.springframework.data.repository.config.RepositoryConfigurationDelegate [main] Finished Spring Data repository scanning in 97 ms. Found 2 JPA repository interfaces.
2022-09-26 12:55:15,196 INFO org.springframework.boot.web.embedded.tomcat.TomcatWebServer [main] Tomcat initialized with port(s): 8889 (http)
2022-09-26 12:55:15,211 INFO org.apache.juli.logging.DirectJDKLog [main] Initializing ProtocolHandler ["http-nio-8889"]
2022-09-26 12:55:15,212 INFO org.apache.juli.logging.DirectJDKLog [main] Starting service [Tomcat]
2022-09-26 12:55:15,213 INFO org.apache.juli.logging.DirectJDKLog [main] Starting Servlet engine: [Apache Tomcat/9.0.65]
2022-09-26 12:55:15,650 INFO org.apache.juli.logging.DirectJDKLog [main] Initializing Spring embedded WebApplicationContext
2022-09-26 12:55:15,650 INFO org.springframework.boot.web.servlet.context.ServletWebServerApplicationContext [main] Root WebApplicationContext: initialization completed in 3442 ms
2022-09-26 12:55:15,896 INFO org.hibernate.jpa.internal.util.LogHelper [main] HHH000204: Processing PersistenceUnitInfo [name: default]
2022-09-26 12:55:16,009 INFO org.hibernate.Version [main] HHH000412: Hibernate ORM core version 5.6.10.Final
2022-09-26 12:55:16,320 INFO org.hibernate.annotations.common.reflection.java.JavaReflectionManager [main] HCANN000001: Hibernate Commons Annotations {5.1.2.Final}
2022-09-26 12:55:16,505 INFO com.zaxxer.hikari.HikariDataSource [main] HikariPool-1 - Starting...
2022-09-26 12:55:16,972 INFO com.zaxxer.hikari.HikariDataSource [main] HikariPool-1 - Start completed.
2022-09-26 12:55:17,004 INFO org.hibernate.dialect.Dialect [main] HHH000400: Using dialect: org.hibernate.dialect.MySQL5InnoDBDialect
2022-09-26 12:55:18,010 INFO org.hibernate.engine.transaction.jta.platform.internal.JtaPlatformInitiator [main] HHH000490: Using JtaPlatform implementation: [org.hibernate.engine.transaction.jta.platform.internal.NoJtaPlatform]
2022-09-26 12:55:18,020 INFO org.springframework.orm.jpa.AbstractEntityManagerFactoryBean [main] Initialized JPA EntityManagerFactory for persistence unit 'default'
2022-09-26 12:55:19,075 WARN org.springframework.boot.autoconfigure.orm.jpa.JpaBaseConfiguration$JpaWebConfiguration [main] spring.jpa.open-in-view is enabled by default. Therefore, database queries may be performed during view rendering. Explicitly configure spring.jpa.open-in-view to disable this warning
2022-09-26 12:55:19,820 INFO org.apache.juli.logging.DirectJDKLog [main] Starting ProtocolHandler ["http-nio-8889"]
2022-09-26 12:55:19,881 INFO org.springframework.boot.web.embedded.tomcat.TomcatWebServer [main] Tomcat started on port(s): 8889 (http) with context path ''
2022-09-26 12:55:35,247 INFO org.apache.juli.logging.DirectJDKLog [http-nio-8889-exec-2] Initializing Spring DispatcherServlet 'dispatcherServlet'
2022-09-26 12:55:35,248 INFO org.springframework.web.servlet.FrameworkServlet [http-nio-8889-exec-2] Initializing Servlet 'dispatcherServlet'
2022-09-26 12:55:35,251 INFO org.springframework.web.servlet.FrameworkServlet [http-nio-8889-exec-2] Completed initialization in 2 ms
2022-09-26 12:55:35,288 ERROR org.apache.juli.logging.DirectJDKLog [http-nio-8889-exec-2] Servlet.service() for servlet [dispatcherServlet] in context with path [] threw exception [Request processing failed; nested exception is java.lang.IllegalStateException: Ambiguous handler methods mapped for '/employee/emp/Rohit': {public org.springframework.http.ResponseEntity com.example.demoProject.controller.EmployeeController.getDataById(int) throws com.fasterxml.jackson.core.JsonProcessingException, public java.util.List com.example.demoProject.controller.EmployeeController.getDataByName(java.lang.String)}] with root cause
java.lang.IllegalStateException: Ambiguous handler methods mapped for '/employee/emp/Rohit': {public org.springframework.http.ResponseEntity com.example.demoProject.controller.EmployeeController.getDataById(int) throws com.fasterxml.jackson.core.JsonProcessingException, public java.util.List com.example.demoProject.controller.EmployeeController.getDataByName(java.lang.String)}
	at org.springframework.web.servlet.handler.AbstractHandlerMethodMapping.lookupHandlerMethod(AbstractHandlerMethodMapping.java:432)
	at org.springframework.web.servlet.handler.AbstractHandlerMethodMapping.getHandlerInternal(AbstractHandlerMethodMapping.java:383)
	at org.springframework.web.servlet.mvc.method.RequestMappingInfoHandlerMapping.getHandlerInternal(RequestMappingInfoHandlerMapping.java:125)
	at org.springframework.web.servlet.mvc.method.RequestMappingInfoHandlerMapping.getHandlerInternal(RequestMappingInfoHandlerMapping.java:67)
	at org.springframework.web.servlet.handler.AbstractHandlerMapping.getHandler(AbstractHandlerMapping.java:498)
	at org.springframework.web.servlet.DispatcherServlet.getHandler(DispatcherServlet.java:1264)
	at org.springframework.web.servlet.DispatcherServlet.doDispatch(DispatcherServlet.java:1046)
	at org.springframework.web.servlet.DispatcherServlet.doService(DispatcherServlet.java:963)
	at org.springframework.web.servlet.FrameworkServlet.processRequest(FrameworkServlet.java:1006)
	at org.springframework.web.servlet.FrameworkServlet.doGet(FrameworkServlet.java:898)
	at javax.servlet.http.HttpServlet.service(HttpServlet.java:655)
	at org.springframework.web.servlet.FrameworkServlet.service(FrameworkServlet.java:883)
	at javax.servlet.http.HttpServlet.service(HttpServlet.java:764)
	at org.apache.catalina.core.ApplicationFilterChain.internalDoFilter(ApplicationFilterChain.java:227)
	at org.apache.catalina.core.ApplicationFilterChain.doFilter(ApplicationFilterChain.java:162)
	at org.apache.tomcat.websocket.server.WsFilter.doFilter(WsFilter.java:53)
	at org.apache.catalina.core.ApplicationFilterChain.internalDoFilter(ApplicationFilterChain.java:189)
	at org.apache.catalina.core.ApplicationFilterChain.doFilter(ApplicationFilterChain.java:162)
	at org.springframework.web.filter.RequestContextFilter.doFilterInternal(RequestContextFilter.java:100)
	at org.springframework.web.filter.OncePerRequestFilter.doFilter(OncePerRequestFilter.java:117)
	at org.apache.catalina.core.ApplicationFilterChain.internalDoFilter(ApplicationFilterChain.java:189)
	at org.apache.catalina.core.ApplicationFilterChain.doFilter(ApplicationFilterChain.java:162)
	at org.springframework.web.filter.FormContentFilter.doFilterInternal(FormContentFilter.java:93)
	at org.springframework.web.filter.OncePerRequestFilter.doFilter(OncePerRequestFilter.java:117)
	at org.apache.catalina.core.ApplicationFilterChain.internalDoFilter(ApplicationFilterChain.java:189)
	at org.apache.catalina.core.ApplicationFilterChain.doFilter(ApplicationFilterChain.java:162)
	at org.springframework.web.filter.CharacterEncodingFilter.doFilterInternal(CharacterEncodingFilter.java:201)
	at org.springframework.web.filter.OncePerRequestFilter.doFilter(OncePerRequestFilter.java:117)
	at org.apache.catalina.core.ApplicationFilterChain.internalDoFilter(ApplicationFilterChain.java:189)
	at org.apache.catalina.core.ApplicationFilterChain.doFilter(ApplicationFilterChain.java:162)
	at org.apache.catalina.core.StandardWrapperValve.invoke(StandardWrapperValve.java:197)
	at org.apache.catalina.core.StandardContextValve.invoke(StandardContextValve.java:97)
	at org.apache.catalina.authenticator.AuthenticatorBase.invoke(AuthenticatorBase.java:541)
	at org.apache.catalina.core.StandardHostValve.invoke(StandardHostValve.java:135)
	at org.apache.catalina.valves.ErrorReportValve.invoke(ErrorReportValve.java:92)
	at org.apache.catalina.core.StandardEngineValve.invoke(StandardEngineValve.java:78)
	at org.apache.catalina.connector.CoyoteAdapter.service(CoyoteAdapter.java:360)
	at org.apache.coyote.http11.Http11Processor.service(Http11Processor.java:399)
	at org.apache.coyote.AbstractProcessorLight.process(AbstractProcessorLight.java:65)
	at org.apache.coyote.AbstractProtocol$ConnectionHandler.process(AbstractProtocol.java:890)
	at org.apache.tomcat.util.net.NioEndpoint$SocketProcessor.doRun(NioEndpoint.java:1789)
	at org.apache.tomcat.util.net.SocketProcessorBase.run(SocketProcessorBase.java:49)
	at org.apache.tomcat.util.threads.ThreadPoolExecutor.runWorker(ThreadPoolExecutor.java:1191)
	at org.apache.tomcat.util.threads.ThreadPoolExecutor$Worker.run(ThreadPoolExecutor.java:659)
	at org.apache.tomcat.util.threads.TaskThread$WrappingRunnable.run(TaskThread.java:61)
	at java.base/java.lang.Thread.run(Thread.java:834)
2022-09-26 12:55:35,571 INFO org.apache.camel.impl.engine.AbstractCamelContext [main] Apache Camel 3.18.0 (camel-1) is starting
2022-09-26 12:55:35,832 INFO org.apache.camel.impl.engine.AbstractCamelContext [main] Routes startup (started:2)
2022-09-26 12:55:35,832 INFO org.apache.camel.impl.engine.AbstractCamelContext [main]     Started route1 (activemq://CompanyQueue)
2022-09-26 12:55:35,832 INFO org.apache.camel.impl.engine.AbstractCamelContext [main]     Started route2 (activemq://EmployeeQueue)
2022-09-26 12:55:35,832 INFO org.apache.camel.impl.engine.AbstractCamelContext [main] Apache Camel 3.18.0 (camel-1) started in 795ms (build:87ms init:447ms start:261ms)
2022-09-26 12:55:35,839 INFO org.springframework.boot.StartupInfoLogger [main] Started DemoProjectApplication in 24.499 seconds (JVM running for 25.623)
2022-09-26 12:56:20,648 INFO org.hibernate.validator.internal.util.Version [background-preinit] HV000001: Hibernate Validator 6.2.4.Final
2022-09-26 12:56:20,657 INFO org.springframework.boot.StartupInfoLogger [main] Starting DemoProjectApplication using Java 11.0.13 on MUM-LAP-1566 with PID 23976 (C:\Projects\demoProject\build\classes\java\main started by darshana.shingade in C:\Projects\demoProject)
2022-09-26 12:56:20,659 INFO org.springframework.boot.SpringApplication [main] The following 1 profile is active: "dev"
2022-09-26 12:56:22,079 INFO org.springframework.data.repository.config.RepositoryConfigurationDelegate [main] Bootstrapping Spring Data JPA repositories in DEFAULT mode.
2022-09-26 12:56:22,935 INFO org.springframework.data.repository.config.RepositoryConfigurationDelegate [main] Finished Spring Data repository scanning in 820 ms. Found 2 JPA repository interfaces.
2022-09-26 12:57:09,962 INFO org.springframework.boot.web.embedded.tomcat.TomcatWebServer [main] Tomcat initialized with port(s): 8889 (http)
2022-09-26 12:57:10,426 INFO org.apache.juli.logging.DirectJDKLog [main] Initializing ProtocolHandler ["http-nio-8889"]
2022-09-26 12:57:10,435 INFO org.apache.juli.logging.DirectJDKLog [main] Starting service [Tomcat]
2022-09-26 12:57:10,444 INFO org.apache.juli.logging.DirectJDKLog [main] Starting Servlet engine: [Apache Tomcat/9.0.65]
2022-09-26 12:57:18,299 INFO org.apache.juli.logging.DirectJDKLog [main] Initializing Spring embedded WebApplicationContext
2022-09-26 12:57:18,305 INFO org.springframework.boot.web.servlet.context.ServletWebServerApplicationContext [main] Root WebApplicationContext: initialization completed in 57556 ms
2022-09-26 12:57:33,223 INFO org.hibernate.jpa.internal.util.LogHelper [main] HHH000204: Processing PersistenceUnitInfo [name: default]
2022-09-26 12:57:36,036 INFO org.hibernate.Version [main] HHH000412: Hibernate ORM core version 5.6.10.Final
2022-09-26 12:57:45,368 INFO org.hibernate.annotations.common.reflection.java.JavaReflectionManager [main] HCANN000001: Hibernate Commons Annotations {5.1.2.Final}
2022-09-26 12:57:51,262 INFO com.zaxxer.hikari.HikariDataSource [main] HikariPool-1 - Starting...
2022-09-26 12:58:06,688 INFO com.zaxxer.hikari.HikariDataSource [main] HikariPool-1 - Start completed.
2022-09-26 12:58:08,715 INFO org.hibernate.dialect.Dialect [main] HHH000400: Using dialect: org.hibernate.dialect.MySQL5InnoDBDialect
2022-09-26 12:59:51,933 INFO org.hibernate.engine.transaction.jta.platform.internal.JtaPlatformInitiator [main] HHH000490: Using JtaPlatform implementation: [org.hibernate.engine.transaction.jta.platform.internal.NoJtaPlatform]
2022-09-26 12:59:52,297 INFO org.springframework.orm.jpa.AbstractEntityManagerFactoryBean [main] Initialized JPA EntityManagerFactory for persistence unit 'default'
2022-09-26 13:02:15,634 WARN org.springframework.boot.autoconfigure.orm.jpa.JpaBaseConfiguration$JpaWebConfiguration [main] spring.jpa.open-in-view is enabled by default. Therefore, database queries may be performed during view rendering. Explicitly configure spring.jpa.open-in-view to disable this warning
2022-09-26 13:03:26,913 INFO org.springframework.boot.StartupInfoLogger [main] Starting DemoProjectApplication using Java 11.0.13 on MUM-LAP-1566 with PID 23200 (C:\Projects\demoProject\build\classes\java\main started by darshana.shingade in C:\Projects\demoProject)
2022-09-26 13:03:26,913 INFO org.hibernate.validator.internal.util.Version [background-preinit] HV000001: Hibernate Validator 6.2.4.Final
2022-09-26 13:03:26,918 INFO org.springframework.boot.SpringApplication [main] The following 1 profile is active: "dev"
2022-09-26 13:03:28,433 INFO org.springframework.data.repository.config.RepositoryConfigurationDelegate [main] Bootstrapping Spring Data JPA repositories in DEFAULT mode.
2022-09-26 13:03:28,544 INFO org.springframework.data.repository.config.RepositoryConfigurationDelegate [main] Finished Spring Data repository scanning in 90 ms. Found 2 JPA repository interfaces.
2022-09-26 13:03:29,771 INFO org.springframework.boot.web.embedded.tomcat.TomcatWebServer [main] Tomcat initialized with port(s): 8889 (http)
2022-09-26 13:03:29,784 INFO org.apache.juli.logging.DirectJDKLog [main] Initializing ProtocolHandler ["http-nio-8889"]
2022-09-26 13:03:29,785 INFO org.apache.juli.logging.DirectJDKLog [main] Starting service [Tomcat]
2022-09-26 13:03:29,785 INFO org.apache.juli.logging.DirectJDKLog [main] Starting Servlet engine: [Apache Tomcat/9.0.65]
2022-09-26 13:03:30,232 INFO org.apache.juli.logging.DirectJDKLog [main] Initializing Spring embedded WebApplicationContext
2022-09-26 13:03:30,233 INFO org.springframework.boot.web.servlet.context.ServletWebServerApplicationContext [main] Root WebApplicationContext: initialization completed in 3238 ms
2022-09-26 13:03:30,520 INFO org.hibernate.jpa.internal.util.LogHelper [main] HHH000204: Processing PersistenceUnitInfo [name: default]
2022-09-26 13:03:30,610 INFO org.hibernate.Version [main] HHH000412: Hibernate ORM core version 5.6.10.Final
2022-09-26 13:03:30,910 INFO org.hibernate.annotations.common.reflection.java.JavaReflectionManager [main] HCANN000001: Hibernate Commons Annotations {5.1.2.Final}
2022-09-26 13:03:31,109 INFO com.zaxxer.hikari.HikariDataSource [main] HikariPool-1 - Starting...
2022-09-26 13:03:31,584 INFO com.zaxxer.hikari.HikariDataSource [main] HikariPool-1 - Start completed.
2022-09-26 13:03:31,610 INFO org.hibernate.dialect.Dialect [main] HHH000400: Using dialect: org.hibernate.dialect.MySQL5InnoDBDialect
2022-09-26 13:03:32,678 INFO org.hibernate.engine.transaction.jta.platform.internal.JtaPlatformInitiator [main] HHH000490: Using JtaPlatform implementation: [org.hibernate.engine.transaction.jta.platform.internal.NoJtaPlatform]
2022-09-26 13:03:32,688 INFO org.springframework.orm.jpa.AbstractEntityManagerFactoryBean [main] Initialized JPA EntityManagerFactory for persistence unit 'default'
2022-09-26 13:03:33,657 WARN org.springframework.boot.autoconfigure.orm.jpa.JpaBaseConfiguration$JpaWebConfiguration [main] spring.jpa.open-in-view is enabled by default. Therefore, database queries may be performed during view rendering. Explicitly configure spring.jpa.open-in-view to disable this warning
2022-09-26 13:03:34,446 INFO org.apache.juli.logging.DirectJDKLog [main] Starting ProtocolHandler ["http-nio-8889"]
2022-09-26 13:03:34,517 INFO org.springframework.boot.web.embedded.tomcat.TomcatWebServer [main] Tomcat started on port(s): 8889 (http) with context path ''
2022-09-26 13:03:34,918 INFO org.apache.camel.impl.engine.AbstractCamelContext [main] Apache Camel 3.18.0 (camel-1) is starting
2022-09-26 13:03:35,185 INFO org.apache.camel.impl.engine.AbstractCamelContext [main] Routes startup (started:2)
2022-09-26 13:03:35,186 INFO org.apache.camel.impl.engine.AbstractCamelContext [main]     Started route1 (activemq://CompanyQueue)
2022-09-26 13:03:35,186 INFO org.apache.camel.impl.engine.AbstractCamelContext [main]     Started route2 (activemq://EmployeeQueue)
2022-09-26 13:03:35,187 INFO org.apache.camel.impl.engine.AbstractCamelContext [main] Apache Camel 3.18.0 (camel-1) started in 664ms (build:81ms init:315ms start:268ms)
2022-09-26 13:03:35,197 INFO org.springframework.boot.StartupInfoLogger [main] Started DemoProjectApplication in 9.033 seconds (JVM running for 10.135)
2022-09-26 13:03:45,251 INFO org.apache.juli.logging.DirectJDKLog [http-nio-8889-exec-2] Initializing Spring DispatcherServlet 'dispatcherServlet'
2022-09-26 13:03:45,252 INFO org.springframework.web.servlet.FrameworkServlet [http-nio-8889-exec-2] Initializing Servlet 'dispatcherServlet'
2022-09-26 13:03:45,253 INFO org.springframework.web.servlet.FrameworkServlet [http-nio-8889-exec-2] Completed initialization in 0 ms
2022-09-26 13:03:45,275 ERROR org.apache.juli.logging.DirectJDKLog [http-nio-8889-exec-2] Servlet.service() for servlet [dispatcherServlet] in context with path [] threw exception [Request processing failed; nested exception is java.lang.IllegalStateException: Ambiguous handler methods mapped for '/employee/emp/43': {public org.springframework.http.ResponseEntity com.example.demoProject.controller.EmployeeController.getDataById(int) throws com.fasterxml.jackson.core.JsonProcessingException, public java.util.List com.example.demoProject.controller.EmployeeController.getDataByName(java.lang.String)}] with root cause
java.lang.IllegalStateException: Ambiguous handler methods mapped for '/employee/emp/43': {public org.springframework.http.ResponseEntity com.example.demoProject.controller.EmployeeController.getDataById(int) throws com.fasterxml.jackson.core.JsonProcessingException, public java.util.List com.example.demoProject.controller.EmployeeController.getDataByName(java.lang.String)}
	at org.springframework.web.servlet.handler.AbstractHandlerMethodMapping.lookupHandlerMethod(AbstractHandlerMethodMapping.java:432)
	at org.springframework.web.servlet.handler.AbstractHandlerMethodMapping.getHandlerInternal(AbstractHandlerMethodMapping.java:383)
	at org.springframework.web.servlet.mvc.method.RequestMappingInfoHandlerMapping.getHandlerInternal(RequestMappingInfoHandlerMapping.java:125)
	at org.springframework.web.servlet.mvc.method.RequestMappingInfoHandlerMapping.getHandlerInternal(RequestMappingInfoHandlerMapping.java:67)
	at org.springframework.web.servlet.handler.AbstractHandlerMapping.getHandler(AbstractHandlerMapping.java:498)
	at org.springframework.web.servlet.DispatcherServlet.getHandler(DispatcherServlet.java:1264)
	at org.springframework.web.servlet.DispatcherServlet.doDispatch(DispatcherServlet.java:1046)
	at org.springframework.web.servlet.DispatcherServlet.doService(DispatcherServlet.java:963)
	at org.springframework.web.servlet.FrameworkServlet.processRequest(FrameworkServlet.java:1006)
	at org.springframework.web.servlet.FrameworkServlet.doGet(FrameworkServlet.java:898)
	at javax.servlet.http.HttpServlet.service(HttpServlet.java:655)
	at org.springframework.web.servlet.FrameworkServlet.service(FrameworkServlet.java:883)
	at javax.servlet.http.HttpServlet.service(HttpServlet.java:764)
	at org.apache.catalina.core.ApplicationFilterChain.internalDoFilter(ApplicationFilterChain.java:227)
	at org.apache.catalina.core.ApplicationFilterChain.doFilter(ApplicationFilterChain.java:162)
	at org.apache.tomcat.websocket.server.WsFilter.doFilter(WsFilter.java:53)
	at org.apache.catalina.core.ApplicationFilterChain.internalDoFilter(ApplicationFilterChain.java:189)
	at org.apache.catalina.core.ApplicationFilterChain.doFilter(ApplicationFilterChain.java:162)
	at org.springframework.web.filter.RequestContextFilter.doFilterInternal(RequestContextFilter.java:100)
	at org.springframework.web.filter.OncePerRequestFilter.doFilter(OncePerRequestFilter.java:117)
	at org.apache.catalina.core.ApplicationFilterChain.internalDoFilter(ApplicationFilterChain.java:189)
	at org.apache.catalina.core.ApplicationFilterChain.doFilter(ApplicationFilterChain.java:162)
	at org.springframework.web.filter.FormContentFilter.doFilterInternal(FormContentFilter.java:93)
	at org.springframework.web.filter.OncePerRequestFilter.doFilter(OncePerRequestFilter.java:117)
	at org.apache.catalina.core.ApplicationFilterChain.internalDoFilter(ApplicationFilterChain.java:189)
	at org.apache.catalina.core.ApplicationFilterChain.doFilter(ApplicationFilterChain.java:162)
	at org.springframework.web.filter.CharacterEncodingFilter.doFilterInternal(CharacterEncodingFilter.java:201)
	at org.springframework.web.filter.OncePerRequestFilter.doFilter(OncePerRequestFilter.java:117)
	at org.apache.catalina.core.ApplicationFilterChain.internalDoFilter(ApplicationFilterChain.java:189)
	at org.apache.catalina.core.ApplicationFilterChain.doFilter(ApplicationFilterChain.java:162)
	at org.apache.catalina.core.StandardWrapperValve.invoke(StandardWrapperValve.java:197)
	at org.apache.catalina.core.StandardContextValve.invoke(StandardContextValve.java:97)
	at org.apache.catalina.authenticator.AuthenticatorBase.invoke(AuthenticatorBase.java:541)
	at org.apache.catalina.core.StandardHostValve.invoke(StandardHostValve.java:135)
	at org.apache.catalina.valves.ErrorReportValve.invoke(ErrorReportValve.java:92)
	at org.apache.catalina.core.StandardEngineValve.invoke(StandardEngineValve.java:78)
	at org.apache.catalina.connector.CoyoteAdapter.service(CoyoteAdapter.java:360)
	at org.apache.coyote.http11.Http11Processor.service(Http11Processor.java:399)
	at org.apache.coyote.AbstractProcessorLight.process(AbstractProcessorLight.java:65)
	at org.apache.coyote.AbstractProtocol$ConnectionHandler.process(AbstractProtocol.java:890)
	at org.apache.tomcat.util.net.NioEndpoint$SocketProcessor.doRun(NioEndpoint.java:1789)
	at org.apache.tomcat.util.net.SocketProcessorBase.run(SocketProcessorBase.java:49)
	at org.apache.tomcat.util.threads.ThreadPoolExecutor.runWorker(ThreadPoolExecutor.java:1191)
	at org.apache.tomcat.util.threads.ThreadPoolExecutor$Worker.run(ThreadPoolExecutor.java:659)
	at org.apache.tomcat.util.threads.TaskThread$WrappingRunnable.run(TaskThread.java:61)
	at java.base/java.lang.Thread.run(Thread.java:834)
2022-09-26 13:10:17,319 INFO org.hibernate.validator.internal.util.Version [background-preinit] HV000001: Hibernate Validator 6.2.4.Final
2022-09-26 13:10:17,322 INFO org.springframework.boot.StartupInfoLogger [main] Starting DemoProjectApplication using Java 11.0.13 on MUM-LAP-1566 with PID 21032 (C:\Projects\demoProject\build\classes\java\main started by darshana.shingade in C:\Projects\demoProject)
2022-09-26 13:10:17,325 INFO org.springframework.boot.SpringApplication [main] The following 1 profile is active: "dev"
2022-09-26 13:10:18,524 INFO org.springframework.data.repository.config.RepositoryConfigurationDelegate [main] Bootstrapping Spring Data JPA repositories in DEFAULT mode.
2022-09-26 13:10:18,606 INFO org.springframework.data.repository.config.RepositoryConfigurationDelegate [main] Finished Spring Data repository scanning in 70 ms. Found 2 JPA repository interfaces.
2022-09-26 13:10:19,613 INFO org.springframework.boot.web.embedded.tomcat.TomcatWebServer [main] Tomcat initialized with port(s): 8889 (http)
2022-09-26 13:10:19,624 INFO org.apache.juli.logging.DirectJDKLog [main] Initializing ProtocolHandler ["http-nio-8889"]
2022-09-26 13:10:19,625 INFO org.apache.juli.logging.DirectJDKLog [main] Starting service [Tomcat]
2022-09-26 13:10:19,625 INFO org.apache.juli.logging.DirectJDKLog [main] Starting Servlet engine: [Apache Tomcat/9.0.65]
2022-09-26 13:10:20,015 INFO org.apache.juli.logging.DirectJDKLog [main] Initializing Spring embedded WebApplicationContext
2022-09-26 13:10:20,015 INFO org.springframework.boot.web.servlet.context.ServletWebServerApplicationContext [main] Root WebApplicationContext: initialization completed in 2618 ms
2022-09-26 13:10:20,251 INFO org.hibernate.jpa.internal.util.LogHelper [main] HHH000204: Processing PersistenceUnitInfo [name: default]
2022-09-26 13:10:20,329 INFO org.hibernate.Version [main] HHH000412: Hibernate ORM core version 5.6.10.Final
2022-09-26 13:10:20,571 INFO org.hibernate.annotations.common.reflection.java.JavaReflectionManager [main] HCANN000001: Hibernate Commons Annotations {5.1.2.Final}
2022-09-26 13:10:20,706 INFO com.zaxxer.hikari.HikariDataSource [main] HikariPool-1 - Starting...
2022-09-26 13:10:21,062 INFO com.zaxxer.hikari.HikariDataSource [main] HikariPool-1 - Start completed.
2022-09-26 13:10:21,081 INFO org.hibernate.dialect.Dialect [main] HHH000400: Using dialect: org.hibernate.dialect.MySQL5InnoDBDialect
2022-09-26 13:10:21,920 INFO org.hibernate.engine.transaction.jta.platform.internal.JtaPlatformInitiator [main] HHH000490: Using JtaPlatform implementation: [org.hibernate.engine.transaction.jta.platform.internal.NoJtaPlatform]
2022-09-26 13:10:21,930 INFO org.springframework.orm.jpa.AbstractEntityManagerFactoryBean [main] Initialized JPA EntityManagerFactory for persistence unit 'default'
2022-09-26 13:10:22,727 WARN org.springframework.boot.autoconfigure.orm.jpa.JpaBaseConfiguration$JpaWebConfiguration [main] spring.jpa.open-in-view is enabled by default. Therefore, database queries may be performed during view rendering. Explicitly configure spring.jpa.open-in-view to disable this warning
2022-09-26 13:10:23,439 INFO org.apache.juli.logging.DirectJDKLog [main] Starting ProtocolHandler ["http-nio-8889"]
2022-09-26 13:10:23,501 INFO org.springframework.boot.web.embedded.tomcat.TomcatWebServer [main] Tomcat started on port(s): 8889 (http) with context path ''
2022-09-26 13:10:23,826 INFO org.apache.camel.impl.engine.AbstractCamelContext [main] Apache Camel 3.18.0 (camel-1) is starting
2022-09-26 13:10:24,028 INFO org.apache.camel.impl.engine.AbstractCamelContext [main] Routes startup (started:2)
2022-09-26 13:10:24,029 INFO org.apache.camel.impl.engine.AbstractCamelContext [main]     Started route1 (activemq://CompanyQueue)
2022-09-26 13:10:24,029 INFO org.apache.camel.impl.engine.AbstractCamelContext [main]     Started route2 (activemq://EmployeeQueue)
2022-09-26 13:10:24,029 INFO org.apache.camel.impl.engine.AbstractCamelContext [main] Apache Camel 3.18.0 (camel-1) started in 529ms (build:76ms init:250ms start:203ms)
2022-09-26 13:10:24,035 INFO org.springframework.boot.StartupInfoLogger [main] Started DemoProjectApplication in 7.341 seconds (JVM running for 8.396)
2022-09-26 13:10:28,927 INFO org.apache.juli.logging.DirectJDKLog [http-nio-8889-exec-2] Initializing Spring DispatcherServlet 'dispatcherServlet'
2022-09-26 13:10:28,928 INFO org.springframework.web.servlet.FrameworkServlet [http-nio-8889-exec-2] Initializing Servlet 'dispatcherServlet'
2022-09-26 13:10:28,929 INFO org.springframework.web.servlet.FrameworkServlet [http-nio-8889-exec-2] Completed initialization in 1 ms
2022-09-26 13:10:28,952 ERROR org.apache.juli.logging.DirectJDKLog [http-nio-8889-exec-2] Servlet.service() for servlet [dispatcherServlet] in context with path [] threw exception [Request processing failed; nested exception is java.lang.IllegalStateException: Ambiguous handler methods mapped for '/employee/emp/43': {public org.springframework.http.ResponseEntity com.example.demoProject.controller.EmployeeController.getDataByName(java.lang.String), public org.springframework.http.ResponseEntity com.example.demoProject.controller.EmployeeController.getDataById(int) throws com.fasterxml.jackson.core.JsonProcessingException}] with root cause
java.lang.IllegalStateException: Ambiguous handler methods mapped for '/employee/emp/43': {public org.springframework.http.ResponseEntity com.example.demoProject.controller.EmployeeController.getDataByName(java.lang.String), public org.springframework.http.ResponseEntity com.example.demoProject.controller.EmployeeController.getDataById(int) throws com.fasterxml.jackson.core.JsonProcessingException}
	at org.springframework.web.servlet.handler.AbstractHandlerMethodMapping.lookupHandlerMethod(AbstractHandlerMethodMapping.java:432)
	at org.springframework.web.servlet.handler.AbstractHandlerMethodMapping.getHandlerInternal(AbstractHandlerMethodMapping.java:383)
	at org.springframework.web.servlet.mvc.method.RequestMappingInfoHandlerMapping.getHandlerInternal(RequestMappingInfoHandlerMapping.java:125)
	at org.springframework.web.servlet.mvc.method.RequestMappingInfoHandlerMapping.getHandlerInternal(RequestMappingInfoHandlerMapping.java:67)
	at org.springframework.web.servlet.handler.AbstractHandlerMapping.getHandler(AbstractHandlerMapping.java:498)
	at org.springframework.web.servlet.DispatcherServlet.getHandler(DispatcherServlet.java:1264)
	at org.springframework.web.servlet.DispatcherServlet.doDispatch(DispatcherServlet.java:1046)
	at org.springframework.web.servlet.DispatcherServlet.doService(DispatcherServlet.java:963)
	at org.springframework.web.servlet.FrameworkServlet.processRequest(FrameworkServlet.java:1006)
	at org.springframework.web.servlet.FrameworkServlet.doGet(FrameworkServlet.java:898)
	at javax.servlet.http.HttpServlet.service(HttpServlet.java:655)
	at org.springframework.web.servlet.FrameworkServlet.service(FrameworkServlet.java:883)
	at javax.servlet.http.HttpServlet.service(HttpServlet.java:764)
	at org.apache.catalina.core.ApplicationFilterChain.internalDoFilter(ApplicationFilterChain.java:227)
	at org.apache.catalina.core.ApplicationFilterChain.doFilter(ApplicationFilterChain.java:162)
	at org.apache.tomcat.websocket.server.WsFilter.doFilter(WsFilter.java:53)
	at org.apache.catalina.core.ApplicationFilterChain.internalDoFilter(ApplicationFilterChain.java:189)
	at org.apache.catalina.core.ApplicationFilterChain.doFilter(ApplicationFilterChain.java:162)
	at org.springframework.web.filter.RequestContextFilter.doFilterInternal(RequestContextFilter.java:100)
	at org.springframework.web.filter.OncePerRequestFilter.doFilter(OncePerRequestFilter.java:117)
	at org.apache.catalina.core.ApplicationFilterChain.internalDoFilter(ApplicationFilterChain.java:189)
	at org.apache.catalina.core.ApplicationFilterChain.doFilter(ApplicationFilterChain.java:162)
	at org.springframework.web.filter.FormContentFilter.doFilterInternal(FormContentFilter.java:93)
	at org.springframework.web.filter.OncePerRequestFilter.doFilter(OncePerRequestFilter.java:117)
	at org.apache.catalina.core.ApplicationFilterChain.internalDoFilter(ApplicationFilterChain.java:189)
	at org.apache.catalina.core.ApplicationFilterChain.doFilter(ApplicationFilterChain.java:162)
	at org.springframework.web.filter.CharacterEncodingFilter.doFilterInternal(CharacterEncodingFilter.java:201)
	at org.springframework.web.filter.OncePerRequestFilter.doFilter(OncePerRequestFilter.java:117)
	at org.apache.catalina.core.ApplicationFilterChain.internalDoFilter(ApplicationFilterChain.java:189)
	at org.apache.catalina.core.ApplicationFilterChain.doFilter(ApplicationFilterChain.java:162)
	at org.apache.catalina.core.StandardWrapperValve.invoke(StandardWrapperValve.java:197)
	at org.apache.catalina.core.StandardContextValve.invoke(StandardContextValve.java:97)
	at org.apache.catalina.authenticator.AuthenticatorBase.invoke(AuthenticatorBase.java:541)
	at org.apache.catalina.core.StandardHostValve.invoke(StandardHostValve.java:135)
	at org.apache.catalina.valves.ErrorReportValve.invoke(ErrorReportValve.java:92)
	at org.apache.catalina.core.StandardEngineValve.invoke(StandardEngineValve.java:78)
	at org.apache.catalina.connector.CoyoteAdapter.service(CoyoteAdapter.java:360)
	at org.apache.coyote.http11.Http11Processor.service(Http11Processor.java:399)
	at org.apache.coyote.AbstractProcessorLight.process(AbstractProcessorLight.java:65)
	at org.apache.coyote.AbstractProtocol$ConnectionHandler.process(AbstractProtocol.java:890)
	at org.apache.tomcat.util.net.NioEndpoint$SocketProcessor.doRun(NioEndpoint.java:1789)
	at org.apache.tomcat.util.net.SocketProcessorBase.run(SocketProcessorBase.java:49)
	at org.apache.tomcat.util.threads.ThreadPoolExecutor.runWorker(ThreadPoolExecutor.java:1191)
	at org.apache.tomcat.util.threads.ThreadPoolExecutor$Worker.run(ThreadPoolExecutor.java:659)
	at org.apache.tomcat.util.threads.TaskThread$WrappingRunnable.run(TaskThread.java:61)
	at java.base/java.lang.Thread.run(Thread.java:834)
2022-09-26 13:10:30,798 ERROR org.apache.juli.logging.DirectJDKLog [http-nio-8889-exec-4] Servlet.service() for servlet [dispatcherServlet] in context with path [] threw exception [Request processing failed; nested exception is java.lang.IllegalStateException: Ambiguous handler methods mapped for '/employee/emp/43': {public org.springframework.http.ResponseEntity com.example.demoProject.controller.EmployeeController.getDataByName(java.lang.String), public org.springframework.http.ResponseEntity com.example.demoProject.controller.EmployeeController.getDataById(int) throws com.fasterxml.jackson.core.JsonProcessingException}] with root cause
java.lang.IllegalStateException: Ambiguous handler methods mapped for '/employee/emp/43': {public org.springframework.http.ResponseEntity com.example.demoProject.controller.EmployeeController.getDataByName(java.lang.String), public org.springframework.http.ResponseEntity com.example.demoProject.controller.EmployeeController.getDataById(int) throws com.fasterxml.jackson.core.JsonProcessingException}
	at org.springframework.web.servlet.handler.AbstractHandlerMethodMapping.lookupHandlerMethod(AbstractHandlerMethodMapping.java:432)
	at org.springframework.web.servlet.handler.AbstractHandlerMethodMapping.getHandlerInternal(AbstractHandlerMethodMapping.java:383)
	at org.springframework.web.servlet.mvc.method.RequestMappingInfoHandlerMapping.getHandlerInternal(RequestMappingInfoHandlerMapping.java:125)
	at org.springframework.web.servlet.mvc.method.RequestMappingInfoHandlerMapping.getHandlerInternal(RequestMappingInfoHandlerMapping.java:67)
	at org.springframework.web.servlet.handler.AbstractHandlerMapping.getHandler(AbstractHandlerMapping.java:498)
	at org.springframework.web.servlet.DispatcherServlet.getHandler(DispatcherServlet.java:1264)
	at org.springframework.web.servlet.DispatcherServlet.doDispatch(DispatcherServlet.java:1046)
	at org.springframework.web.servlet.DispatcherServlet.doService(DispatcherServlet.java:963)
	at org.springframework.web.servlet.FrameworkServlet.processRequest(FrameworkServlet.java:1006)
	at org.springframework.web.servlet.FrameworkServlet.doGet(FrameworkServlet.java:898)
	at javax.servlet.http.HttpServlet.service(HttpServlet.java:655)
	at org.springframework.web.servlet.FrameworkServlet.service(FrameworkServlet.java:883)
	at javax.servlet.http.HttpServlet.service(HttpServlet.java:764)
	at org.apache.catalina.core.ApplicationFilterChain.internalDoFilter(ApplicationFilterChain.java:227)
	at org.apache.catalina.core.ApplicationFilterChain.doFilter(ApplicationFilterChain.java:162)
	at org.apache.tomcat.websocket.server.WsFilter.doFilter(WsFilter.java:53)
	at org.apache.catalina.core.ApplicationFilterChain.internalDoFilter(ApplicationFilterChain.java:189)
	at org.apache.catalina.core.ApplicationFilterChain.doFilter(ApplicationFilterChain.java:162)
	at org.springframework.web.filter.RequestContextFilter.doFilterInternal(RequestContextFilter.java:100)
	at org.springframework.web.filter.OncePerRequestFilter.doFilter(OncePerRequestFilter.java:117)
	at org.apache.catalina.core.ApplicationFilterChain.internalDoFilter(ApplicationFilterChain.java:189)
	at org.apache.catalina.core.ApplicationFilterChain.doFilter(ApplicationFilterChain.java:162)
	at org.springframework.web.filter.FormContentFilter.doFilterInternal(FormContentFilter.java:93)
	at org.springframework.web.filter.OncePerRequestFilter.doFilter(OncePerRequestFilter.java:117)
	at org.apache.catalina.core.ApplicationFilterChain.internalDoFilter(ApplicationFilterChain.java:189)
	at org.apache.catalina.core.ApplicationFilterChain.doFilter(ApplicationFilterChain.java:162)
	at org.springframework.web.filter.CharacterEncodingFilter.doFilterInternal(CharacterEncodingFilter.java:201)
	at org.springframework.web.filter.OncePerRequestFilter.doFilter(OncePerRequestFilter.java:117)
	at org.apache.catalina.core.ApplicationFilterChain.internalDoFilter(ApplicationFilterChain.java:189)
	at org.apache.catalina.core.ApplicationFilterChain.doFilter(ApplicationFilterChain.java:162)
	at org.apache.catalina.core.StandardWrapperValve.invoke(StandardWrapperValve.java:197)
	at org.apache.catalina.core.StandardContextValve.invoke(StandardContextValve.java:97)
	at org.apache.catalina.authenticator.AuthenticatorBase.invoke(AuthenticatorBase.java:541)
	at org.apache.catalina.core.StandardHostValve.invoke(StandardHostValve.java:135)
	at org.apache.catalina.valves.ErrorReportValve.invoke(ErrorReportValve.java:92)
	at org.apache.catalina.core.StandardEngineValve.invoke(StandardEngineValve.java:78)
	at org.apache.catalina.connector.CoyoteAdapter.service(CoyoteAdapter.java:360)
	at org.apache.coyote.http11.Http11Processor.service(Http11Processor.java:399)
	at org.apache.coyote.AbstractProcessorLight.process(AbstractProcessorLight.java:65)
	at org.apache.coyote.AbstractProtocol$ConnectionHandler.process(AbstractProtocol.java:890)
	at org.apache.tomcat.util.net.NioEndpoint$SocketProcessor.doRun(NioEndpoint.java:1789)
	at org.apache.tomcat.util.net.SocketProcessorBase.run(SocketProcessorBase.java:49)
	at org.apache.tomcat.util.threads.ThreadPoolExecutor.runWorker(ThreadPoolExecutor.java:1191)
	at org.apache.tomcat.util.threads.ThreadPoolExecutor$Worker.run(ThreadPoolExecutor.java:659)
	at org.apache.tomcat.util.threads.TaskThread$WrappingRunnable.run(TaskThread.java:61)
	at java.base/java.lang.Thread.run(Thread.java:834)
2022-09-26 13:14:48,663 INFO org.springframework.boot.StartupInfoLogger [main] Starting DemoProjectApplication using Java 11.0.13 on MUM-LAP-1566 with PID 1040 (C:\Projects\demoProject\build\classes\java\main started by darshana.shingade in C:\Projects\demoProject)
2022-09-26 13:14:48,663 INFO org.hibernate.validator.internal.util.Version [background-preinit] HV000001: Hibernate Validator 6.2.4.Final
2022-09-26 13:14:48,668 INFO org.springframework.boot.SpringApplication [main] The following 1 profile is active: "dev"
2022-09-26 13:14:49,927 INFO org.springframework.data.repository.config.RepositoryConfigurationDelegate [main] Bootstrapping Spring Data JPA repositories in DEFAULT mode.
2022-09-26 13:14:50,006 INFO org.springframework.data.repository.config.RepositoryConfigurationDelegate [main] Finished Spring Data repository scanning in 68 ms. Found 2 JPA repository interfaces.
2022-09-26 13:14:51,252 INFO org.springframework.boot.web.embedded.tomcat.TomcatWebServer [main] Tomcat initialized with port(s): 8889 (http)
2022-09-26 13:14:51,264 INFO org.apache.juli.logging.DirectJDKLog [main] Initializing ProtocolHandler ["http-nio-8889"]
2022-09-26 13:14:51,265 INFO org.apache.juli.logging.DirectJDKLog [main] Starting service [Tomcat]
2022-09-26 13:14:51,265 INFO org.apache.juli.logging.DirectJDKLog [main] Starting Servlet engine: [Apache Tomcat/9.0.65]
2022-09-26 13:14:51,680 INFO org.apache.juli.logging.DirectJDKLog [main] Initializing Spring embedded WebApplicationContext
2022-09-26 13:14:51,681 INFO org.springframework.boot.web.servlet.context.ServletWebServerApplicationContext [main] Root WebApplicationContext: initialization completed in 2943 ms
2022-09-26 13:14:51,910 INFO org.hibernate.jpa.internal.util.LogHelper [main] HHH000204: Processing PersistenceUnitInfo [name: default]
2022-09-26 13:14:51,996 INFO org.hibernate.Version [main] HHH000412: Hibernate ORM core version 5.6.10.Final
2022-09-26 13:14:52,228 INFO org.hibernate.annotations.common.reflection.java.JavaReflectionManager [main] HCANN000001: Hibernate Commons Annotations {5.1.2.Final}
2022-09-26 13:14:52,374 INFO com.zaxxer.hikari.HikariDataSource [main] HikariPool-1 - Starting...
2022-09-26 13:14:52,794 INFO com.zaxxer.hikari.HikariDataSource [main] HikariPool-1 - Start completed.
2022-09-26 13:14:52,814 INFO org.hibernate.dialect.Dialect [main] HHH000400: Using dialect: org.hibernate.dialect.MySQL5InnoDBDialect
2022-09-26 13:14:53,793 INFO org.hibernate.engine.transaction.jta.platform.internal.JtaPlatformInitiator [main] HHH000490: Using JtaPlatform implementation: [org.hibernate.engine.transaction.jta.platform.internal.NoJtaPlatform]
2022-09-26 13:14:53,803 INFO org.springframework.orm.jpa.AbstractEntityManagerFactoryBean [main] Initialized JPA EntityManagerFactory for persistence unit 'default'
2022-09-26 13:14:54,675 WARN org.springframework.boot.autoconfigure.orm.jpa.JpaBaseConfiguration$JpaWebConfiguration [main] spring.jpa.open-in-view is enabled by default. Therefore, database queries may be performed during view rendering. Explicitly configure spring.jpa.open-in-view to disable this warning
2022-09-26 13:14:55,443 INFO org.apache.juli.logging.DirectJDKLog [main] Starting ProtocolHandler ["http-nio-8889"]
2022-09-26 13:14:55,510 INFO org.springframework.boot.web.embedded.tomcat.TomcatWebServer [main] Tomcat started on port(s): 8889 (http) with context path ''
2022-09-26 13:14:55,834 INFO org.apache.camel.impl.engine.AbstractCamelContext [main] Apache Camel 3.18.0 (camel-1) is starting
2022-09-26 13:14:56,038 INFO org.apache.camel.impl.engine.AbstractCamelContext [main] Routes startup (started:2)
2022-09-26 13:14:56,039 INFO org.apache.camel.impl.engine.AbstractCamelContext [main]     Started route1 (activemq://CompanyQueue)
2022-09-26 13:14:56,039 INFO org.apache.camel.impl.engine.AbstractCamelContext [main]     Started route2 (activemq://EmployeeQueue)
2022-09-26 13:14:56,039 INFO org.apache.camel.impl.engine.AbstractCamelContext [main] Apache Camel 3.18.0 (camel-1) started in 518ms (build:73ms init:240ms start:205ms)
2022-09-26 13:14:56,044 INFO org.springframework.boot.StartupInfoLogger [main] Started DemoProjectApplication in 8.014 seconds (JVM running for 9.043)
2022-09-26 13:15:01,046 INFO org.apache.juli.logging.DirectJDKLog [http-nio-8889-exec-2] Initializing Spring DispatcherServlet 'dispatcherServlet'
2022-09-26 13:15:01,047 INFO org.springframework.web.servlet.FrameworkServlet [http-nio-8889-exec-2] Initializing Servlet 'dispatcherServlet'
2022-09-26 13:15:01,048 INFO org.springframework.web.servlet.FrameworkServlet [http-nio-8889-exec-2] Completed initialization in 1 ms
2022-09-26 13:15:53,239 INFO org.hibernate.validator.internal.util.Version [background-preinit] HV000001: Hibernate Validator 6.2.4.Final
2022-09-26 13:15:53,245 INFO org.springframework.boot.StartupInfoLogger [main] Starting DemoProjectApplication using Java 11.0.13 on MUM-LAP-1566 with PID 8012 (C:\Projects\demoProject\build\classes\java\main started by darshana.shingade in C:\Projects\demoProject)
2022-09-26 13:15:53,247 INFO org.springframework.boot.SpringApplication [main] The following 1 profile is active: "dev"
2022-09-26 13:15:54,652 INFO org.springframework.data.repository.config.RepositoryConfigurationDelegate [main] Bootstrapping Spring Data JPA repositories in DEFAULT mode.
2022-09-26 13:15:55,511 INFO org.springframework.data.repository.config.RepositoryConfigurationDelegate [main] Finished Spring Data repository scanning in 820 ms. Found 2 JPA repository interfaces.
2022-09-26 13:16:40,175 INFO org.springframework.boot.web.embedded.tomcat.TomcatWebServer [main] Tomcat initialized with port(s): 8889 (http)
2022-09-26 13:16:40,632 INFO org.apache.juli.logging.DirectJDKLog [main] Initializing ProtocolHandler ["http-nio-8889"]
2022-09-26 13:16:40,640 INFO org.apache.juli.logging.DirectJDKLog [main] Starting service [Tomcat]
2022-09-26 13:16:40,648 INFO org.apache.juli.logging.DirectJDKLog [main] Starting Servlet engine: [Apache Tomcat/9.0.65]
2022-09-26 13:16:48,272 INFO org.apache.juli.logging.DirectJDKLog [main] Initializing Spring embedded WebApplicationContext
2022-09-26 13:16:48,278 INFO org.springframework.boot.web.servlet.context.ServletWebServerApplicationContext [main] Root WebApplicationContext: initialization completed in 54939 ms
2022-09-26 13:17:03,647 INFO org.hibernate.jpa.internal.util.LogHelper [main] HHH000204: Processing PersistenceUnitInfo [name: default]
2022-09-26 13:17:06,286 INFO org.hibernate.Version [main] HHH000412: Hibernate ORM core version 5.6.10.Final
2022-09-26 13:17:15,251 INFO org.hibernate.annotations.common.reflection.java.JavaReflectionManager [main] HCANN000001: Hibernate Commons Annotations {5.1.2.Final}
2022-09-26 13:17:21,164 INFO com.zaxxer.hikari.HikariDataSource [main] HikariPool-1 - Starting...
2022-09-26 13:17:36,977 INFO com.zaxxer.hikari.HikariDataSource [main] HikariPool-1 - Start completed.
2022-09-26 13:17:39,041 INFO org.hibernate.dialect.Dialect [main] HHH000400: Using dialect: org.hibernate.dialect.MySQL5InnoDBDialect
2022-09-26 13:19:23,446 INFO org.springframework.boot.StartupInfoLogger [main] Starting DemoProjectApplication using Java 11.0.13 on MUM-LAP-1566 with PID 18000 (C:\Projects\demoProject\build\classes\java\main started by darshana.shingade in C:\Projects\demoProject)
2022-09-26 13:19:23,446 INFO org.hibernate.validator.internal.util.Version [background-preinit] HV000001: Hibernate Validator 6.2.4.Final
2022-09-26 13:19:23,453 INFO org.springframework.boot.SpringApplication [main] The following 1 profile is active: "dev"
2022-09-26 13:19:24,846 INFO org.springframework.data.repository.config.RepositoryConfigurationDelegate [main] Bootstrapping Spring Data JPA repositories in DEFAULT mode.
2022-09-26 13:19:25,667 INFO org.springframework.data.repository.config.RepositoryConfigurationDelegate [main] Finished Spring Data repository scanning in 785 ms. Found 2 JPA repository interfaces.
2022-09-26 13:20:10,254 INFO org.springframework.boot.web.embedded.tomcat.TomcatWebServer [main] Tomcat initialized with port(s): 8889 (http)
2022-09-26 13:20:10,745 INFO org.apache.juli.logging.DirectJDKLog [main] Initializing ProtocolHandler ["http-nio-8889"]
2022-09-26 13:20:10,754 INFO org.apache.juli.logging.DirectJDKLog [main] Starting service [Tomcat]
2022-09-26 13:20:10,765 INFO org.apache.juli.logging.DirectJDKLog [main] Starting Servlet engine: [Apache Tomcat/9.0.65]
2022-09-26 13:20:18,262 INFO org.apache.juli.logging.DirectJDKLog [main] Initializing Spring embedded WebApplicationContext
2022-09-26 13:20:18,267 INFO org.springframework.boot.web.servlet.context.ServletWebServerApplicationContext [main] Root WebApplicationContext: initialization completed in 54723 ms
2022-09-26 13:20:32,881 INFO org.hibernate.jpa.internal.util.LogHelper [main] HHH000204: Processing PersistenceUnitInfo [name: default]
2022-09-26 13:20:35,536 INFO org.hibernate.Version [main] HHH000412: Hibernate ORM core version 5.6.10.Final
2022-09-26 13:20:44,464 INFO org.hibernate.annotations.common.reflection.java.JavaReflectionManager [main] HCANN000001: Hibernate Commons Annotations {5.1.2.Final}
2022-09-26 13:20:50,264 INFO com.zaxxer.hikari.HikariDataSource [main] HikariPool-1 - Starting...
2022-09-26 13:21:05,260 INFO com.zaxxer.hikari.HikariDataSource [main] HikariPool-1 - Start completed.
2022-09-26 13:21:07,348 INFO org.hibernate.dialect.Dialect [main] HHH000400: Using dialect: org.hibernate.dialect.MySQL5InnoDBDialect
2022-09-26 13:22:46,925 INFO org.hibernate.engine.transaction.jta.platform.internal.JtaPlatformInitiator [main] HHH000490: Using JtaPlatform implementation: [org.hibernate.engine.transaction.jta.platform.internal.NoJtaPlatform]
2022-09-26 13:22:47,281 INFO org.springframework.orm.jpa.AbstractEntityManagerFactoryBean [main] Initialized JPA EntityManagerFactory for persistence unit 'default'
2022-09-26 13:25:16,557 INFO org.springframework.boot.StartupInfoLogger [main] Starting DemoProjectApplication using Java 11.0.13 on MUM-LAP-1566 with PID 4740 (C:\Projects\demoProject\build\classes\java\main started by darshana.shingade in C:\Projects\demoProject)
2022-09-26 13:25:16,557 INFO org.hibernate.validator.internal.util.Version [background-preinit] HV000001: Hibernate Validator 6.2.4.Final
2022-09-26 13:25:16,563 INFO org.springframework.boot.SpringApplication [main] The following 1 profile is active: "dev"
2022-09-26 13:25:18,514 INFO org.springframework.data.repository.config.RepositoryConfigurationDelegate [main] Bootstrapping Spring Data JPA repositories in DEFAULT mode.
2022-09-26 13:25:19,503 INFO org.springframework.data.repository.config.RepositoryConfigurationDelegate [main] Finished Spring Data repository scanning in 948 ms. Found 2 JPA repository interfaces.
2022-09-26 14:00:39,736 INFO org.hibernate.validator.internal.util.Version [background-preinit] HV000001: Hibernate Validator 6.2.4.Final
2022-09-26 14:00:39,739 INFO org.springframework.boot.StartupInfoLogger [main] Starting DemoProjectApplication using Java 11.0.13 on MUM-LAP-1566 with PID 14484 (C:\Projects\demoProject\build\classes\java\main started by darshana.shingade in C:\Projects\demoProject)
2022-09-26 14:00:39,741 INFO org.springframework.boot.SpringApplication [main] The following 1 profile is active: "dev"
2022-09-26 14:00:41,265 INFO org.springframework.data.repository.config.RepositoryConfigurationDelegate [main] Bootstrapping Spring Data JPA repositories in DEFAULT mode.
2022-09-26 14:00:42,120 INFO org.springframework.data.repository.config.RepositoryConfigurationDelegate [main] Finished Spring Data repository scanning in 818 ms. Found 2 JPA repository interfaces.
2022-09-26 14:01:27,852 INFO org.springframework.boot.web.embedded.tomcat.TomcatWebServer [main] Tomcat initialized with port(s): 8889 (http)
2022-09-26 14:01:28,343 INFO org.apache.juli.logging.DirectJDKLog [main] Initializing ProtocolHandler ["http-nio-8889"]
2022-09-26 14:01:28,352 INFO org.apache.juli.logging.DirectJDKLog [main] Starting service [Tomcat]
2022-09-26 14:01:28,358 INFO org.apache.juli.logging.DirectJDKLog [main] Starting Servlet engine: [Apache Tomcat/9.0.65]
2022-09-26 14:01:36,443 INFO org.apache.juli.logging.DirectJDKLog [main] Initializing Spring embedded WebApplicationContext
2022-09-26 14:01:36,448 INFO org.springframework.boot.web.servlet.context.ServletWebServerApplicationContext [main] Root WebApplicationContext: initialization completed in 56634 ms
2022-09-26 14:01:52,859 INFO org.hibernate.jpa.internal.util.LogHelper [main] HHH000204: Processing PersistenceUnitInfo [name: default]
2022-09-26 14:01:55,624 INFO org.hibernate.Version [main] HHH000412: Hibernate ORM core version 5.6.10.Final
2022-09-26 14:02:04,883 INFO org.hibernate.annotations.common.reflection.java.JavaReflectionManager [main] HCANN000001: Hibernate Commons Annotations {5.1.2.Final}
2022-09-26 14:02:10,794 INFO com.zaxxer.hikari.HikariDataSource [main] HikariPool-1 - Starting...
2022-09-26 14:02:25,878 INFO com.zaxxer.hikari.HikariDataSource [main] HikariPool-1 - Start completed.
2022-09-26 14:02:27,934 INFO org.hibernate.dialect.Dialect [main] HHH000400: Using dialect: org.hibernate.dialect.MySQL5InnoDBDialect
2022-09-26 14:04:22,414 INFO org.hibernate.engine.transaction.jta.platform.internal.JtaPlatformInitiator [main] HHH000490: Using JtaPlatform implementation: [org.hibernate.engine.transaction.jta.platform.internal.NoJtaPlatform]
2022-09-26 14:04:22,890 INFO org.springframework.orm.jpa.AbstractEntityManagerFactoryBean [main] Initialized JPA EntityManagerFactory for persistence unit 'default'
2022-09-26 14:28:34,571 INFO org.springframework.boot.StartupInfoLogger [main] Starting DemoProjectApplication using Java 11.0.13 on MUM-LAP-1566 with PID 28616 (C:\Projects\demoProject\build\classes\java\main started by darshana.shingade in C:\Projects\demoProject)
2022-09-26 14:28:34,569 INFO org.hibernate.validator.internal.util.Version [background-preinit] HV000001: Hibernate Validator 6.2.4.Final
2022-09-26 14:28:34,575 INFO org.springframework.boot.SpringApplication [main] The following 1 profile is active: "dev"
2022-09-26 14:28:35,802 INFO org.springframework.data.repository.config.RepositoryConfigurationDelegate [main] Bootstrapping Spring Data JPA repositories in DEFAULT mode.
2022-09-26 14:28:35,882 INFO org.springframework.data.repository.config.RepositoryConfigurationDelegate [main] Finished Spring Data repository scanning in 68 ms. Found 2 JPA repository interfaces.
2022-09-26 14:28:37,118 INFO org.springframework.boot.web.embedded.tomcat.TomcatWebServer [main] Tomcat initialized with port(s): 8889 (http)
2022-09-26 14:28:37,132 INFO org.apache.juli.logging.DirectJDKLog [main] Initializing ProtocolHandler ["http-nio-8889"]
2022-09-26 14:28:37,133 INFO org.apache.juli.logging.DirectJDKLog [main] Starting service [Tomcat]
2022-09-26 14:28:37,133 INFO org.apache.juli.logging.DirectJDKLog [main] Starting Servlet engine: [Apache Tomcat/9.0.65]
2022-09-26 14:28:37,536 INFO org.apache.juli.logging.DirectJDKLog [main] Initializing Spring embedded WebApplicationContext
2022-09-26 14:28:37,536 INFO org.springframework.boot.web.servlet.context.ServletWebServerApplicationContext [main] Root WebApplicationContext: initialization completed in 2887 ms
2022-09-26 14:28:37,781 INFO org.hibernate.jpa.internal.util.LogHelper [main] HHH000204: Processing PersistenceUnitInfo [name: default]
2022-09-26 14:28:37,869 INFO org.hibernate.Version [main] HHH000412: Hibernate ORM core version 5.6.10.Final
2022-09-26 14:28:38,131 INFO org.hibernate.annotations.common.reflection.java.JavaReflectionManager [main] HCANN000001: Hibernate Commons Annotations {5.1.2.Final}
2022-09-26 14:28:38,269 INFO com.zaxxer.hikari.HikariDataSource [main] HikariPool-1 - Starting...
2022-09-26 14:28:38,692 INFO com.zaxxer.hikari.HikariDataSource [main] HikariPool-1 - Start completed.
2022-09-26 14:28:38,713 INFO org.hibernate.dialect.Dialect [main] HHH000400: Using dialect: org.hibernate.dialect.MySQL5InnoDBDialect
2022-09-26 14:28:39,677 INFO org.hibernate.engine.transaction.jta.platform.internal.JtaPlatformInitiator [main] HHH000490: Using JtaPlatform implementation: [org.hibernate.engine.transaction.jta.platform.internal.NoJtaPlatform]
2022-09-26 14:28:39,686 INFO org.springframework.orm.jpa.AbstractEntityManagerFactoryBean [main] Initialized JPA EntityManagerFactory for persistence unit 'default'
2022-09-26 14:28:40,530 WARN org.springframework.boot.autoconfigure.orm.jpa.JpaBaseConfiguration$JpaWebConfiguration [main] spring.jpa.open-in-view is enabled by default. Therefore, database queries may be performed during view rendering. Explicitly configure spring.jpa.open-in-view to disable this warning
2022-09-26 14:28:41,221 INFO org.apache.juli.logging.DirectJDKLog [main] Starting ProtocolHandler ["http-nio-8889"]
2022-09-26 14:28:41,282 INFO org.springframework.boot.web.embedded.tomcat.TomcatWebServer [main] Tomcat started on port(s): 8889 (http) with context path ''
2022-09-26 14:28:41,599 INFO org.apache.camel.impl.engine.AbstractCamelContext [main] Apache Camel 3.18.0 (camel-1) is starting
2022-09-26 14:28:41,825 INFO org.apache.camel.impl.engine.AbstractCamelContext [main] Routes startup (started:2)
2022-09-26 14:28:41,826 INFO org.apache.camel.impl.engine.AbstractCamelContext [main]     Started route1 (activemq://CompanyQueue)
2022-09-26 14:28:41,826 INFO org.apache.camel.impl.engine.AbstractCamelContext [main]     Started route2 (activemq://EmployeeQueue)
2022-09-26 14:28:41,826 INFO org.apache.camel.impl.engine.AbstractCamelContext [main] Apache Camel 3.18.0 (camel-1) started in 556ms (build:83ms init:246ms start:227ms)
2022-09-26 14:28:41,832 INFO org.springframework.boot.StartupInfoLogger [main] Started DemoProjectApplication in 7.982 seconds (JVM running for 9.082)
2022-09-26 14:28:53,906 INFO org.apache.juli.logging.DirectJDKLog [http-nio-8889-exec-2] Initializing Spring DispatcherServlet 'dispatcherServlet'
2022-09-26 14:28:53,907 INFO org.springframework.web.servlet.FrameworkServlet [http-nio-8889-exec-2] Initializing Servlet 'dispatcherServlet'
2022-09-26 14:28:53,909 INFO org.springframework.web.servlet.FrameworkServlet [http-nio-8889-exec-2] Completed initialization in 1 ms
2022-09-26 14:29:46,592 INFO com.example.demoProject.services.EmployeeServices [http-nio-8889-exec-3] Get details of all employee
2022-09-26 14:29:48,163 INFO com.example.demoProject.services.EmployeeServices [http-nio-8889-exec-4] Get details of all employee
2022-09-26 14:31:42,980 INFO com.example.demoProject.services.EmployeeServices [http-nio-8889-exec-7] Get details of all employee
2022-09-26 14:31:44,027 INFO com.example.demoProject.services.EmployeeServices [http-nio-8889-exec-8] Get details of all employee
2022-09-26 14:31:44,314 INFO com.example.demoProject.services.EmployeeServices [http-nio-8889-exec-9] Get details of all employee
2022-09-26 14:35:23,092 INFO com.example.demoProject.services.EmployeeServices [http-nio-8889-exec-1] Get details of all employee
2022-09-26 14:36:34,171 INFO com.example.demoProject.services.EmployeeServices [http-nio-8889-exec-5] Get details of all employee
2022-09-26 14:37:40,134 INFO com.example.demoProject.services.EmployeeServices [http-nio-8889-exec-8] Get details of all employee
2022-09-26 14:45:32,836 INFO com.example.demoProject.services.EmployeeServices [http-nio-8889-exec-10] Get details of all employee
2022-09-26 14:48:26,038 INFO com.example.demoProject.services.EmployeeServices [http-nio-8889-exec-2] Get details of all employee
2022-09-26 14:50:55,959 INFO com.example.demoProject.services.EmployeeServices [http-nio-8889-exec-6] Get details of all employee
2022-09-26 14:51:39,255 INFO com.example.demoProject.services.EmployeeServices [http-nio-8889-exec-9] Get details of all employee
2022-09-26 14:51:43,299 INFO com.example.demoProject.services.EmployeeServices [http-nio-8889-exec-10] Get details of all employee
2022-09-26 14:51:52,630 INFO com.example.demoProject.services.EmployeeServices [http-nio-8889-exec-1] Get details of all employee
2022-09-26 14:52:05,411 INFO com.example.demoProject.services.EmployeeServices [http-nio-8889-exec-2] Get details of all employee
2022-09-26 14:53:10,573 INFO com.example.demoProject.services.EmployeeServices [http-nio-8889-exec-5] Get details of all employee
2022-09-26 14:53:52,804 INFO com.example.demoProject.services.EmployeeServices [http-nio-8889-exec-7] Get details of all employee
2022-09-26 14:54:32,168 INFO com.example.demoProject.services.EmployeeServices [http-nio-8889-exec-9] Get details of all employee
2022-09-26 14:59:37,325 INFO com.example.demoProject.services.EmployeeServices [http-nio-8889-exec-2] Get details of all employee
2022-09-26 14:59:57,510 INFO com.example.demoProject.services.EmployeeServices [http-nio-8889-exec-4] Get details of all employee
2022-09-26 16:04:40,836 INFO org.hibernate.validator.internal.util.Version [background-preinit] HV000001: Hibernate Validator 6.2.4.Final
2022-09-26 16:04:40,839 INFO org.springframework.boot.StartupInfoLogger [main] Starting DemoProjectApplication using Java 11.0.13 on MUM-LAP-1566 with PID 2976 (C:\Projects\demoProject\build\classes\java\main started by darshana.shingade in C:\Projects\demoProject)
2022-09-26 16:04:40,841 INFO org.springframework.boot.SpringApplication [main] The following 1 profile is active: "dev"
2022-09-26 16:04:42,306 INFO org.springframework.data.repository.config.RepositoryConfigurationDelegate [main] Bootstrapping Spring Data JPA repositories in DEFAULT mode.
2022-09-26 16:04:42,396 INFO org.springframework.data.repository.config.RepositoryConfigurationDelegate [main] Finished Spring Data repository scanning in 74 ms. Found 2 JPA repository interfaces.
2022-09-26 16:04:43,717 INFO org.springframework.boot.web.embedded.tomcat.TomcatWebServer [main] Tomcat initialized with port(s): 8889 (http)
2022-09-26 16:04:43,735 INFO org.apache.juli.logging.DirectJDKLog [main] Initializing ProtocolHandler ["http-nio-8889"]
2022-09-26 16:04:43,736 INFO org.apache.juli.logging.DirectJDKLog [main] Starting service [Tomcat]
2022-09-26 16:04:43,736 INFO org.apache.juli.logging.DirectJDKLog [main] Starting Servlet engine: [Apache Tomcat/9.0.65]
2022-09-26 16:04:44,231 INFO org.apache.juli.logging.DirectJDKLog [main] Initializing Spring embedded WebApplicationContext
2022-09-26 16:04:44,232 INFO org.springframework.boot.web.servlet.context.ServletWebServerApplicationContext [main] Root WebApplicationContext: initialization completed in 3323 ms
2022-09-26 16:04:44,499 INFO org.hibernate.jpa.internal.util.LogHelper [main] HHH000204: Processing PersistenceUnitInfo [name: default]
2022-09-26 16:04:44,594 INFO org.hibernate.Version [main] HHH000412: Hibernate ORM core version 5.6.10.Final
2022-09-26 16:04:44,877 INFO org.hibernate.annotations.common.reflection.java.JavaReflectionManager [main] HCANN000001: Hibernate Commons Annotations {5.1.2.Final}
2022-09-26 16:04:45,032 INFO com.zaxxer.hikari.HikariDataSource [main] HikariPool-1 - Starting...
2022-09-26 16:04:45,499 INFO com.zaxxer.hikari.HikariDataSource [main] HikariPool-1 - Start completed.
2022-09-26 16:04:45,527 INFO org.hibernate.dialect.Dialect [main] HHH000400: Using dialect: org.hibernate.dialect.MySQL5InnoDBDialect
2022-09-26 16:04:46,515 INFO org.hibernate.engine.transaction.jta.platform.internal.JtaPlatformInitiator [main] HHH000490: Using JtaPlatform implementation: [org.hibernate.engine.transaction.jta.platform.internal.NoJtaPlatform]
2022-09-26 16:04:46,525 INFO org.springframework.orm.jpa.AbstractEntityManagerFactoryBean [main] Initialized JPA EntityManagerFactory for persistence unit 'default'
2022-09-26 16:04:47,474 WARN org.springframework.boot.autoconfigure.orm.jpa.JpaBaseConfiguration$JpaWebConfiguration [main] spring.jpa.open-in-view is enabled by default. Therefore, database queries may be performed during view rendering. Explicitly configure spring.jpa.open-in-view to disable this warning
2022-09-26 16:04:48,250 INFO org.apache.juli.logging.DirectJDKLog [main] Starting ProtocolHandler ["http-nio-8889"]
2022-09-26 16:04:48,320 INFO org.springframework.boot.web.embedded.tomcat.TomcatWebServer [main] Tomcat started on port(s): 8889 (http) with context path ''
2022-09-26 16:04:48,677 INFO org.apache.camel.impl.engine.AbstractCamelContext [main] Apache Camel 3.18.0 (camel-1) is starting
2022-09-26 16:04:48,898 INFO org.apache.camel.impl.engine.AbstractCamelContext [main] Routes startup (started:2)
2022-09-26 16:04:48,899 INFO org.apache.camel.impl.engine.AbstractCamelContext [main]     Started route1 (activemq://CompanyQueue)
2022-09-26 16:04:48,899 INFO org.apache.camel.impl.engine.AbstractCamelContext [main]     Started route2 (activemq://EmployeeQueue)
2022-09-26 16:04:48,900 INFO org.apache.camel.impl.engine.AbstractCamelContext [main] Apache Camel 3.18.0 (camel-1) started in 586ms (build:81ms init:282ms start:223ms)
2022-09-26 16:04:48,909 INFO org.springframework.boot.StartupInfoLogger [main] Started DemoProjectApplication in 8.907 seconds (JVM running for 13.02)
2022-09-26 16:04:52,798 INFO org.apache.juli.logging.DirectJDKLog [http-nio-8889-exec-2] Initializing Spring DispatcherServlet 'dispatcherServlet'
2022-09-26 16:04:52,799 INFO org.springframework.web.servlet.FrameworkServlet [http-nio-8889-exec-2] Initializing Servlet 'dispatcherServlet'
2022-09-26 16:04:52,800 INFO org.springframework.web.servlet.FrameworkServlet [http-nio-8889-exec-2] Completed initialization in 1 ms
2022-09-26 16:04:53,143 INFO com.example.demoProject.services.EmployeeServices [http-nio-8889-exec-2] Get details of all employee
2022-09-26 16:09:22,335 INFO org.hibernate.validator.internal.util.Version [background-preinit] HV000001: Hibernate Validator 6.2.4.Final
2022-09-26 16:09:22,344 INFO org.springframework.boot.StartupInfoLogger [main] Starting DemoProjectApplication using Java 11.0.13 on MUM-LAP-1566 with PID 27244 (C:\Projects\demoProject\build\classes\java\main started by darshana.shingade in C:\Projects\demoProject)
2022-09-26 16:09:22,346 INFO org.springframework.boot.SpringApplication [main] The following 1 profile is active: "dev"
2022-09-26 16:09:24,063 INFO org.springframework.data.repository.config.RepositoryConfigurationDelegate [main] Bootstrapping Spring Data JPA repositories in DEFAULT mode.
2022-09-26 16:09:24,201 INFO org.springframework.data.repository.config.RepositoryConfigurationDelegate [main] Finished Spring Data repository scanning in 115 ms. Found 2 JPA repository interfaces.
2022-09-26 16:09:25,706 INFO org.springframework.boot.web.embedded.tomcat.TomcatWebServer [main] Tomcat initialized with port(s): 8889 (http)
2022-09-26 16:09:25,721 INFO org.apache.juli.logging.DirectJDKLog [main] Initializing ProtocolHandler ["http-nio-8889"]
2022-09-26 16:09:25,723 INFO org.apache.juli.logging.DirectJDKLog [main] Starting service [Tomcat]
2022-09-26 16:09:25,724 INFO org.apache.juli.logging.DirectJDKLog [main] Starting Servlet engine: [Apache Tomcat/9.0.65]
2022-09-26 16:09:26,252 INFO org.apache.juli.logging.DirectJDKLog [main] Initializing Spring embedded WebApplicationContext
2022-09-26 16:09:26,253 INFO org.springframework.boot.web.servlet.context.ServletWebServerApplicationContext [main] Root WebApplicationContext: initialization completed in 3815 ms
2022-09-26 16:09:26,532 INFO org.hibernate.jpa.internal.util.LogHelper [main] HHH000204: Processing PersistenceUnitInfo [name: default]
2022-09-26 16:09:26,628 INFO org.hibernate.Version [main] HHH000412: Hibernate ORM core version 5.6.10.Final
2022-09-26 16:09:26,918 INFO org.hibernate.annotations.common.reflection.java.JavaReflectionManager [main] HCANN000001: Hibernate Commons Annotations {5.1.2.Final}
2022-09-26 16:09:27,095 INFO com.zaxxer.hikari.HikariDataSource [main] HikariPool-1 - Starting...
2022-09-26 16:09:27,539 INFO com.zaxxer.hikari.HikariDataSource [main] HikariPool-1 - Start completed.
2022-09-26 16:09:27,566 INFO org.hibernate.dialect.Dialect [main] HHH000400: Using dialect: org.hibernate.dialect.MySQL5InnoDBDialect
2022-09-26 16:09:28,855 INFO org.hibernate.engine.transaction.jta.platform.internal.JtaPlatformInitiator [main] HHH000490: Using JtaPlatform implementation: [org.hibernate.engine.transaction.jta.platform.internal.NoJtaPlatform]
2022-09-26 16:09:28,868 INFO org.springframework.orm.jpa.AbstractEntityManagerFactoryBean [main] Initialized JPA EntityManagerFactory for persistence unit 'default'
2022-09-26 16:09:30,123 WARN org.springframework.boot.autoconfigure.orm.jpa.JpaBaseConfiguration$JpaWebConfiguration [main] spring.jpa.open-in-view is enabled by default. Therefore, database queries may be performed during view rendering. Explicitly configure spring.jpa.open-in-view to disable this warning
2022-09-26 16:09:31,162 INFO org.apache.juli.logging.DirectJDKLog [main] Starting ProtocolHandler ["http-nio-8889"]
2022-09-26 16:09:31,237 INFO org.springframework.boot.web.embedded.tomcat.TomcatWebServer [main] Tomcat started on port(s): 8889 (http) with context path ''
2022-09-26 16:09:31,686 INFO org.apache.camel.impl.engine.AbstractCamelContext [main] Apache Camel 3.18.0 (camel-1) is starting
2022-09-26 16:09:31,903 INFO org.apache.camel.impl.engine.AbstractCamelContext [main] Routes startup (started:2)
2022-09-26 16:09:31,904 INFO org.apache.camel.impl.engine.AbstractCamelContext [main]     Started route1 (activemq://CompanyQueue)
2022-09-26 16:09:31,904 INFO org.apache.camel.impl.engine.AbstractCamelContext [main]     Started route2 (activemq://EmployeeQueue)
2022-09-26 16:09:31,905 INFO org.apache.camel.impl.engine.AbstractCamelContext [main] Apache Camel 3.18.0 (camel-1) started in 674ms (build:102ms init:353ms start:219ms)
2022-09-26 16:09:31,912 INFO org.springframework.boot.StartupInfoLogger [main] Started DemoProjectApplication in 10.459 seconds (JVM running for 11.769)
2022-09-26 16:54:59,307 INFO org.apache.juli.logging.DirectJDKLog [http-nio-8889-exec-1] Initializing Spring DispatcherServlet 'dispatcherServlet'
2022-09-26 16:54:59,308 INFO org.springframework.web.servlet.FrameworkServlet [http-nio-8889-exec-1] Initializing Servlet 'dispatcherServlet'
2022-09-26 16:54:59,310 INFO org.springframework.web.servlet.FrameworkServlet [http-nio-8889-exec-1] Completed initialization in 2 ms
2022-09-26 16:54:59,658 INFO com.example.demoProject.services.EmployeeServices [http-nio-8889-exec-1] Get details of all employee
2022-09-26 16:56:41,046 INFO com.example.demoProject.services.EmployeeServices [http-nio-8889-exec-3] Get details of all employee
2022-09-26 16:58:20,505 INFO com.example.demoProject.services.EmployeeServices [http-nio-8889-exec-6] Get details of all employee
2022-09-26 16:58:51,981 INFO com.example.demoProject.services.EmployeeServices [http-nio-8889-exec-7] Get details of all employee
2022-09-26 16:59:20,912 INFO com.example.demoProject.services.EmployeeServices [http-nio-8889-exec-8] Get details of all employee
2022-09-26 16:59:39,065 INFO com.example.demoProject.services.EmployeeServices [http-nio-8889-exec-10] Get details of all employee
2022-09-26 17:03:56,801 INFO com.example.demoProject.services.EmployeeServices [http-nio-8889-exec-2] Get details of all employee
2022-09-26 17:03:59,451 INFO com.example.demoProject.services.EmployeeServices [http-nio-8889-exec-3] Get details of all employee
2022-09-26 17:04:02,836 INFO com.example.demoProject.services.EmployeeServices [http-nio-8889-exec-4] Get details of all employee
2022-09-26 17:04:24,571 INFO com.example.demoProject.services.EmployeeServices [http-nio-8889-exec-5] Get details of all employee
2022-09-26 17:04:56,755 INFO com.example.demoProject.services.EmployeeServices [http-nio-8889-exec-6] Get details of all employee
2022-09-26 17:04:58,691 INFO com.example.demoProject.services.EmployeeServices [http-nio-8889-exec-7] Get details of all employee
2022-09-26 17:05:04,657 INFO com.example.demoProject.services.EmployeeServices [http-nio-8889-exec-8] Get details of all employee
2022-09-26 17:12:35,446 INFO com.example.demoProject.services.EmployeeServices [http-nio-8889-exec-10] Get details of all employee
2022-09-26 17:13:42,537 INFO com.example.demoProject.services.EmployeeServices [http-nio-8889-exec-2] Get details of all employee
2022-09-26 17:13:55,477 INFO com.example.demoProject.services.EmployeeServices [http-nio-8889-exec-3] Get details of all employee
2022-09-26 17:14:08,204 INFO com.example.demoProject.services.EmployeeServices [http-nio-8889-exec-4] Get details of all employee
2022-09-26 17:14:21,452 INFO com.example.demoProject.services.EmployeeServices [http-nio-8889-exec-5] Get details of all employee
2022-09-26 17:14:43,932 INFO com.example.demoProject.services.EmployeeServices [http-nio-8889-exec-6] Get details of all employee
2022-09-26 17:14:50,483 INFO com.example.demoProject.services.EmployeeServices [http-nio-8889-exec-7] Get details of all employee
2022-09-26 17:14:54,669 INFO com.example.demoProject.services.EmployeeServices [http-nio-8889-exec-8] Get details of all employee
2022-09-26 17:14:55,651 INFO com.example.demoProject.services.EmployeeServices [http-nio-8889-exec-9] Get details of all employee
2022-09-26 17:14:58,521 INFO com.example.demoProject.services.EmployeeServices [http-nio-8889-exec-10] Get details of all employee
2022-09-26 17:21:08,518 INFO com.example.demoProject.services.EmployeeServices [http-nio-8889-exec-2] Get details of all employee
2022-09-26 17:24:16,285 INFO com.example.demoProject.services.EmployeeServices [http-nio-8889-exec-4] Get details of all employee
2022-09-26 17:24:44,765 INFO com.example.demoProject.services.EmployeeServices [http-nio-8889-exec-5] Get details of all employee
2022-09-26 17:25:28,218 INFO com.example.demoProject.services.EmployeeServices [http-nio-8889-exec-6] Get details of all employee
2022-09-26 17:25:43,106 INFO com.example.demoProject.services.EmployeeServices [http-nio-8889-exec-7] Get details of all employee
2022-09-26 17:49:34,566 INFO com.example.demoProject.services.EmployeeServices [http-nio-8889-exec-9] Get details of all employee
2022-09-26 17:54:20,942 INFO com.example.demoProject.services.EmployeeServices [http-nio-8889-exec-1] Get details of all employee
2022-09-26 17:54:56,107 INFO com.example.demoProject.services.EmployeeServices [http-nio-8889-exec-2] Get details of all employee
